Calling target program-options parser
[17:01:15.975] [bmv2] [D] [thread 16700] Set default default entry for table 'tbl_main150': main150 - 
[17:01:15.976] [bmv2] [D] [thread 16700] Set default default entry for table 'TheIngress.aggregation_table': TheIngress.aggregate_and_increment - 
Adding interface s1-eth0 as port 0
[17:01:15.979] [bmv2] [D] [thread 16700] Adding interface s1-eth0 as port 0
Adding interface s1-eth1 as port 1
[17:01:16.046] [bmv2] [D] [thread 16700] Adding interface s1-eth1 as port 1
Server listening on 0.0.0.0:50051
[17:01:16.136] [bmv2] [I] [thread 16700] Starting Thrift server on port 9090
[17:01:16.138] [bmv2] [I] [thread 16700] Thrift server was started
[17:01:16.148] [bmv2] [D] [thread 16710] [0.0] [cxt 0] Processing packet received on port 1
[17:01:16.149] [bmv2] [D] [thread 16710] [0.0] [cxt 0] Parser 'parser': start
[17:01:16.150] [bmv2] [D] [thread 16710] [0.0] [cxt 0] Parser 'parser' entering state 'start'
[17:01:16.151] [bmv2] [D] [thread 16710] [0.0] [cxt 0] Extracting header 'eth'
[17:01:16.151] [bmv2] [D] [thread 16710] [0.0] [cxt 0] Parser state 'start': key is 86dd
[17:01:16.151] [bmv2] [T] [thread 16710] [0.0] [cxt 0] Bytes parsed: 14
[17:01:16.151] [bmv2] [D] [thread 16710] [0.0] [cxt 0] Parser 'parser': end
[17:01:16.151] [bmv2] [D] [thread 16710] [0.0] [cxt 0] Pipeline 'ingress': start
[17:01:16.151] [bmv2] [T] [thread 16710] [0.0] [cxt 0] /vagrant/lab3/sml-eth/p4/main.p4(148) Condition "hdr.sml.isValid()" (node_2) is false
[17:01:16.152] [bmv2] [D] [thread 16710] [0.0] [cxt 0] Pipeline 'ingress': end
[17:01:16.152] [bmv2] [D] [thread 16710] [0.0] [cxt 0] Egress port is 0
[17:01:16.153] [bmv2] [D] [thread 16711] [0.0] [cxt 0] Pipeline 'egress': start
[17:01:16.153] [bmv2] [D] [thread 16711] [0.0] [cxt 0] Pipeline 'egress': end
[17:01:16.153] [bmv2] [D] [thread 16711] [0.0] [cxt 0] Deparser 'deparser': start
[17:01:16.153] [bmv2] [D] [thread 16711] [0.0] [cxt 0] Deparsing header 'eth'
[17:01:16.153] [bmv2] [D] [thread 16711] [0.0] [cxt 0] Deparser 'deparser': end
[17:01:16.154] [bmv2] [D] [thread 16715] [0.0] [cxt 0] Transmitting packet of size 90 out of port 0
[17:01:16.335] [bmv2] [D] [thread 16710] [1.0] [cxt 0] Processing packet received on port 0
[17:01:16.335] [bmv2] [D] [thread 16710] [1.0] [cxt 0] Parser 'parser': start
[17:01:16.336] [bmv2] [D] [thread 16710] [1.0] [cxt 0] Parser 'parser' entering state 'start'
[17:01:16.336] [bmv2] [D] [thread 16710] [1.0] [cxt 0] Extracting header 'eth'
[17:01:16.337] [bmv2] [D] [thread 16710] [1.0] [cxt 0] Parser state 'start': key is 86dd
[17:01:16.338] [bmv2] [T] [thread 16710] [1.0] [cxt 0] Bytes parsed: 14
[17:01:16.338] [bmv2] [D] [thread 16710] [1.0] [cxt 0] Parser 'parser': end
[17:01:16.339] [bmv2] [D] [thread 16710] [1.0] [cxt 0] Pipeline 'ingress': start
[17:01:16.339] [bmv2] [T] [thread 16710] [1.0] [cxt 0] /vagrant/lab3/sml-eth/p4/main.p4(148) Condition "hdr.sml.isValid()" (node_2) is false
[17:01:16.339] [bmv2] [D] [thread 16710] [1.0] [cxt 0] Pipeline 'ingress': end
[17:01:16.339] [bmv2] [D] [thread 16710] [1.0] [cxt 0] Egress port is 0
[17:01:16.339] [bmv2] [D] [thread 16710] [2.0] [cxt 0] Processing packet received on port 0
[17:01:16.339] [bmv2] [D] [thread 16710] [2.0] [cxt 0] Parser 'parser': start
[17:01:16.340] [bmv2] [D] [thread 16710] [2.0] [cxt 0] Parser 'parser' entering state 'start'
[17:01:16.340] [bmv2] [D] [thread 16710] [2.0] [cxt 0] Extracting header 'eth'
[17:01:16.340] [bmv2] [D] [thread 16710] [2.0] [cxt 0] Parser state 'start': key is 86dd
[17:01:16.340] [bmv2] [T] [thread 16710] [2.0] [cxt 0] Bytes parsed: 14
[17:01:16.341] [bmv2] [D] [thread 16710] [2.0] [cxt 0] Parser 'parser': end
[17:01:16.342] [bmv2] [D] [thread 16710] [2.0] [cxt 0] Pipeline 'ingress': start
[17:01:16.343] [bmv2] [T] [thread 16710] [2.0] [cxt 0] /vagrant/lab3/sml-eth/p4/main.p4(148) Condition "hdr.sml.isValid()" (node_2) is false
[17:01:16.343] [bmv2] [D] [thread 16710] [2.0] [cxt 0] Pipeline 'ingress': end
[17:01:16.344] [bmv2] [D] [thread 16710] [2.0] [cxt 0] Egress port is 0
[17:01:16.339] [bmv2] [D] [thread 16711] [1.0] [cxt 0] Pipeline 'egress': start
[17:01:16.345] [bmv2] [D] [thread 16711] [1.0] [cxt 0] Pipeline 'egress': end
[17:01:16.346] [bmv2] [D] [thread 16711] [1.0] [cxt 0] Deparser 'deparser': start
[17:01:16.346] [bmv2] [D] [thread 16711] [1.0] [cxt 0] Deparsing header 'eth'
[17:01:16.346] [bmv2] [D] [thread 16711] [1.0] [cxt 0] Deparser 'deparser': end
[17:01:16.346] [bmv2] [D] [thread 16711] [2.0] [cxt 0] Pipeline 'egress': start
[17:01:16.346] [bmv2] [D] [thread 16711] [2.0] [cxt 0] Pipeline 'egress': end
[17:01:16.346] [bmv2] [D] [thread 16711] [2.0] [cxt 0] Deparser 'deparser': start
[17:01:16.346] [bmv2] [D] [thread 16711] [2.0] [cxt 0] Deparsing header 'eth'
[17:01:16.347] [bmv2] [D] [thread 16711] [2.0] [cxt 0] Deparser 'deparser': end
[17:01:16.346] [bmv2] [D] [thread 16715] [1.0] [cxt 0] Transmitting packet of size 90 out of port 0
[17:01:16.348] [bmv2] [D] [thread 16715] [2.0] [cxt 0] Transmitting packet of size 86 out of port 0
[17:01:16.533] [bmv2] [W] [thread 16743] [P4Runtime] p4::tmp::P4DeviceConfig is deprecated
[17:01:16.536] [bmv2] [D] [thread 16743] Set default default entry for table 'tbl_main150': main150 - 
[17:01:16.537] [bmv2] [D] [thread 16743] Set default default entry for table 'TheIngress.aggregation_table': TheIngress.aggregate_and_increment - 
[17:01:16.540] [bmv2] [D] [thread 16743] simple_switch target has been notified of a config swap
[17:01:16.577] [bmv2] [D] [thread 16744] mgrp node created for mgid 1
[17:01:16.578] [bmv2] [D] [thread 16744] node created for rid 1
[17:01:16.578] [bmv2] [D] [thread 16744] node associated with mgid 1
[17:01:16.578] [bmv2] [D] [thread 16744] node created for rid 0
[17:01:16.578] [bmv2] [D] [thread 16744] node associated with mgid 1
[17:01:16.586] [bmv2] [D] [thread 16743] Entry 0 added to table 'TheIngress.aggregation_table'
[17:01:16.587] [bmv2] [D] [thread 16743] Dumping entry 0
Match key:
* meta.current_count  : EXACT     00000001
Action entry: TheIngress.broadcast_and_reset - 

[17:01:16.862] [bmv2] [D] [thread 16710] [3.0] [cxt 0] Processing packet received on port 1
[17:01:16.892] [bmv2] [D] [thread 16710] [3.0] [cxt 0] Parser 'parser': start
[17:01:16.982] [bmv2] [D] [thread 16710] [3.0] [cxt 0] Parser 'parser' entering state 'start'
[17:01:16.986] [bmv2] [D] [thread 16710] [3.0] [cxt 0] Extracting header 'eth'
[17:01:17.056] [bmv2] [D] [thread 16710] [3.0] [cxt 0] Parser state 'start': key is 86dd
[17:01:17.057] [bmv2] [T] [thread 16710] [3.0] [cxt 0] Bytes parsed: 14
[17:01:17.135] [bmv2] [D] [thread 16710] [3.0] [cxt 0] Parser 'parser': end
[17:01:17.253] [bmv2] [D] [thread 16710] [3.0] [cxt 0] Pipeline 'ingress': start
[17:01:17.264] [bmv2] [T] [thread 16710] [3.0] [cxt 0] /vagrant/lab3/sml-eth/p4/main.p4(148) Condition "hdr.sml.isValid()" (node_2) is false
[17:01:17.301] [bmv2] [D] [thread 16710] [3.0] [cxt 0] Pipeline 'ingress': end
[17:01:17.319] [bmv2] [D] [thread 16710] [3.0] [cxt 0] Egress port is 0
[17:01:17.364] [bmv2] [D] [thread 16710] [4.0] [cxt 0] Processing packet received on port 1
[17:01:17.377] [bmv2] [D] [thread 16710] [4.0] [cxt 0] Parser 'parser': start
[17:01:17.435] [bmv2] [D] [thread 16710] [4.0] [cxt 0] Parser 'parser' entering state 'start'
[17:01:17.395] [bmv2] [D] [thread 16711] [3.0] [cxt 0] Pipeline 'egress': start
[17:01:17.467] [bmv2] [D] [thread 16710] [4.0] [cxt 0] Extracting header 'eth'
[17:01:17.535] [bmv2] [D] [thread 16710] [4.0] [cxt 0] Parser state 'start': key is 86dd
[17:01:17.550] [bmv2] [T] [thread 16710] [4.0] [cxt 0] Bytes parsed: 14
[17:01:17.564] [bmv2] [D] [thread 16710] [4.0] [cxt 0] Parser 'parser': end
[17:01:17.519] [bmv2] [D] [thread 16711] [3.0] [cxt 0] Pipeline 'egress': end
[17:01:17.611] [bmv2] [D] [thread 16711] [3.0] [cxt 0] Deparser 'deparser': start
[17:01:17.633] [bmv2] [D] [thread 16711] [3.0] [cxt 0] Deparsing header 'eth'
[17:01:17.653] [bmv2] [D] [thread 16711] [3.0] [cxt 0] Deparser 'deparser': end
[17:01:17.591] [bmv2] [D] [thread 16710] [4.0] [cxt 0] Pipeline 'ingress': start
[17:01:17.706] [bmv2] [T] [thread 16710] [4.0] [cxt 0] /vagrant/lab3/sml-eth/p4/main.p4(148) Condition "hdr.sml.isValid()" (node_2) is false
[17:01:17.732] [bmv2] [D] [thread 16710] [4.0] [cxt 0] Pipeline 'ingress': end
[17:01:17.749] [bmv2] [D] [thread 16710] [4.0] [cxt 0] Egress port is 0
[17:01:17.680] [bmv2] [D] [thread 16715] [3.0] [cxt 0] Transmitting packet of size 90 out of port 0
[17:01:17.760] [bmv2] [D] [thread 16710] [5.0] [cxt 0] Processing packet received on port 1
[17:01:17.762] [bmv2] [D] [thread 16710] [5.0] [cxt 0] Parser 'parser': start
[17:01:17.762] [bmv2] [D] [thread 16710] [5.0] [cxt 0] Parser 'parser' entering state 'start'
[17:01:17.763] [bmv2] [D] [thread 16710] [5.0] [cxt 0] Extracting header 'eth'
[17:01:17.764] [bmv2] [D] [thread 16710] [5.0] [cxt 0] Parser state 'start': key is 86dd
[17:01:17.764] [bmv2] [T] [thread 16710] [5.0] [cxt 0] Bytes parsed: 14
[17:01:17.765] [bmv2] [D] [thread 16710] [5.0] [cxt 0] Parser 'parser': end
[17:01:17.765] [bmv2] [D] [thread 16710] [5.0] [cxt 0] Pipeline 'ingress': start
[17:01:17.766] [bmv2] [T] [thread 16710] [5.0] [cxt 0] /vagrant/lab3/sml-eth/p4/main.p4(148) Condition "hdr.sml.isValid()" (node_2) is false
[17:01:17.767] [bmv2] [D] [thread 16710] [5.0] [cxt 0] Pipeline 'ingress': end
[17:01:17.767] [bmv2] [D] [thread 16710] [5.0] [cxt 0] Egress port is 0
[17:01:17.768] [bmv2] [D] [thread 16710] [6.0] [cxt 0] Processing packet received on port 0
[17:01:17.768] [bmv2] [D] [thread 16710] [6.0] [cxt 0] Parser 'parser': start
[17:01:17.760] [bmv2] [D] [thread 16711] [4.0] [cxt 0] Pipeline 'egress': start
[17:01:17.770] [bmv2] [D] [thread 16711] [4.0] [cxt 0] Pipeline 'egress': end
[17:01:17.770] [bmv2] [D] [thread 16711] [4.0] [cxt 0] Deparser 'deparser': start
[17:01:17.771] [bmv2] [D] [thread 16711] [4.0] [cxt 0] Deparsing header 'eth'
[17:01:17.771] [bmv2] [D] [thread 16711] [4.0] [cxt 0] Deparser 'deparser': end
[17:01:17.772] [bmv2] [D] [thread 16711] [5.0] [cxt 0] Pipeline 'egress': start
[17:01:17.769] [bmv2] [D] [thread 16710] [6.0] [cxt 0] Parser 'parser' entering state 'start'
[17:01:17.774] [bmv2] [D] [thread 16710] [6.0] [cxt 0] Extracting header 'eth'
[17:01:17.774] [bmv2] [D] [thread 16710] [6.0] [cxt 0] Parser state 'start': key is 86dd
[17:01:17.775] [bmv2] [T] [thread 16710] [6.0] [cxt 0] Bytes parsed: 14
[17:01:17.775] [bmv2] [D] [thread 16710] [6.0] [cxt 0] Parser 'parser': end
[17:01:17.775] [bmv2] [D] [thread 16710] [6.0] [cxt 0] Pipeline 'ingress': start
[17:01:17.772] [bmv2] [D] [thread 16715] [4.0] [cxt 0] Transmitting packet of size 70 out of port 0
[17:01:17.773] [bmv2] [D] [thread 16711] [5.0] [cxt 0] Pipeline 'egress': end
[17:01:17.776] [bmv2] [D] [thread 16711] [5.0] [cxt 0] Deparser 'deparser': start
[17:01:17.776] [bmv2] [D] [thread 16711] [5.0] [cxt 0] Deparsing header 'eth'
[17:01:17.776] [bmv2] [D] [thread 16711] [5.0] [cxt 0] Deparser 'deparser': end
[17:01:17.775] [bmv2] [T] [thread 16710] [6.0] [cxt 0] /vagrant/lab3/sml-eth/p4/main.p4(148) Condition "hdr.sml.isValid()" (node_2) is false
[17:01:17.777] [bmv2] [D] [thread 16710] [6.0] [cxt 0] Pipeline 'ingress': end
[17:01:17.777] [bmv2] [D] [thread 16710] [6.0] [cxt 0] Egress port is 0
[17:01:17.779] [bmv2] [D] [thread 16710] [7.0] [cxt 0] Processing packet received on port 0
[17:01:17.779] [bmv2] [D] [thread 16710] [7.0] [cxt 0] Parser 'parser': start
[17:01:17.780] [bmv2] [D] [thread 16710] [7.0] [cxt 0] Parser 'parser' entering state 'start'
[17:01:17.780] [bmv2] [D] [thread 16710] [7.0] [cxt 0] Extracting header 'eth'
[17:01:17.781] [bmv2] [D] [thread 16710] [7.0] [cxt 0] Parser state 'start': key is 86dd
[17:01:17.782] [bmv2] [T] [thread 16710] [7.0] [cxt 0] Bytes parsed: 14
[17:01:17.782] [bmv2] [D] [thread 16710] [7.0] [cxt 0] Parser 'parser': end
[17:01:17.783] [bmv2] [D] [thread 16710] [7.0] [cxt 0] Pipeline 'ingress': start
[17:01:17.779] [bmv2] [D] [thread 16711] [6.0] [cxt 0] Pipeline 'egress': start
[17:01:17.783] [bmv2] [T] [thread 16710] [7.0] [cxt 0] /vagrant/lab3/sml-eth/p4/main.p4(148) Condition "hdr.sml.isValid()" (node_2) is false
[17:01:17.783] [bmv2] [D] [thread 16710] [7.0] [cxt 0] Pipeline 'ingress': end
[17:01:17.783] [bmv2] [D] [thread 16710] [7.0] [cxt 0] Egress port is 0
[17:01:17.783] [bmv2] [D] [thread 16711] [6.0] [cxt 0] Pipeline 'egress': end
[17:01:17.783] [bmv2] [D] [thread 16711] [6.0] [cxt 0] Deparser 'deparser': start
[17:01:17.784] [bmv2] [D] [thread 16711] [6.0] [cxt 0] Deparsing header 'eth'
[17:01:17.785] [bmv2] [D] [thread 16711] [6.0] [cxt 0] Deparser 'deparser': end
[17:01:17.785] [bmv2] [D] [thread 16711] [7.0] [cxt 0] Pipeline 'egress': start
[17:01:17.785] [bmv2] [D] [thread 16711] [7.0] [cxt 0] Pipeline 'egress': end
[17:01:17.785] [bmv2] [D] [thread 16711] [7.0] [cxt 0] Deparser 'deparser': start
[17:01:17.786] [bmv2] [D] [thread 16711] [7.0] [cxt 0] Deparsing header 'eth'
[17:01:17.787] [bmv2] [D] [thread 16711] [7.0] [cxt 0] Deparser 'deparser': end
[17:01:17.777] [bmv2] [D] [thread 16715] [5.0] [cxt 0] Transmitting packet of size 90 out of port 0
[17:01:17.789] [bmv2] [D] [thread 16715] [6.0] [cxt 0] Transmitting packet of size 90 out of port 0
[17:01:17.791] [bmv2] [D] [thread 16715] [7.0] [cxt 0] Transmitting packet of size 70 out of port 0
[17:01:17.839] [bmv2] [D] [thread 16710] [8.0] [cxt 0] Processing packet received on port 0
[17:01:17.839] [bmv2] [D] [thread 16710] [8.0] [cxt 0] Parser 'parser': start
[17:01:17.840] [bmv2] [D] [thread 16710] [8.0] [cxt 0] Parser 'parser' entering state 'start'
[17:01:17.840] [bmv2] [D] [thread 16710] [8.0] [cxt 0] Extracting header 'eth'
[17:01:17.840] [bmv2] [D] [thread 16710] [8.0] [cxt 0] Parser state 'start': key is 86dd
[17:01:17.840] [bmv2] [T] [thread 16710] [8.0] [cxt 0] Bytes parsed: 14
[17:01:17.840] [bmv2] [D] [thread 16710] [8.0] [cxt 0] Parser 'parser': end
[17:01:17.841] [bmv2] [D] [thread 16710] [8.0] [cxt 0] Pipeline 'ingress': start
[17:01:17.841] [bmv2] [T] [thread 16710] [8.0] [cxt 0] /vagrant/lab3/sml-eth/p4/main.p4(148) Condition "hdr.sml.isValid()" (node_2) is false
[17:01:17.841] [bmv2] [D] [thread 16710] [8.0] [cxt 0] Pipeline 'ingress': end
[17:01:17.841] [bmv2] [D] [thread 16710] [8.0] [cxt 0] Egress port is 0
[17:01:17.842] [bmv2] [D] [thread 16711] [8.0] [cxt 0] Pipeline 'egress': start
[17:01:17.843] [bmv2] [D] [thread 16711] [8.0] [cxt 0] Pipeline 'egress': end
[17:01:17.843] [bmv2] [D] [thread 16711] [8.0] [cxt 0] Deparser 'deparser': start
[17:01:17.844] [bmv2] [D] [thread 16711] [8.0] [cxt 0] Deparsing header 'eth'
[17:01:17.844] [bmv2] [D] [thread 16711] [8.0] [cxt 0] Deparser 'deparser': end
[17:01:17.845] [bmv2] [D] [thread 16715] [8.0] [cxt 0] Transmitting packet of size 90 out of port 0
[17:01:20.752] [bmv2] [D] [thread 16710] [9.0] [cxt 0] Processing packet received on port 1
[17:01:20.753] [bmv2] [D] [thread 16710] [9.0] [cxt 0] Parser 'parser': start
[17:01:20.754] [bmv2] [D] [thread 16710] [9.0] [cxt 0] Parser 'parser' entering state 'start'
[17:01:20.755] [bmv2] [D] [thread 16710] [9.0] [cxt 0] Extracting header 'eth'
[17:01:20.756] [bmv2] [D] [thread 16710] [9.0] [cxt 0] Parser state 'start': key is 86dd
[17:01:20.757] [bmv2] [T] [thread 16710] [9.0] [cxt 0] Bytes parsed: 14
[17:01:20.757] [bmv2] [D] [thread 16710] [9.0] [cxt 0] Parser 'parser': end
[17:01:20.757] [bmv2] [D] [thread 16710] [9.0] [cxt 0] Pipeline 'ingress': start
[17:01:20.758] [bmv2] [T] [thread 16710] [9.0] [cxt 0] /vagrant/lab3/sml-eth/p4/main.p4(148) Condition "hdr.sml.isValid()" (node_2) is false
[17:01:20.758] [bmv2] [D] [thread 16710] [9.0] [cxt 0] Pipeline 'ingress': end
[17:01:20.758] [bmv2] [D] [thread 16710] [9.0] [cxt 0] Egress port is 0
[17:01:20.759] [bmv2] [D] [thread 16711] [9.0] [cxt 0] Pipeline 'egress': start
[17:01:20.759] [bmv2] [D] [thread 16711] [9.0] [cxt 0] Pipeline 'egress': end
[17:01:20.759] [bmv2] [D] [thread 16711] [9.0] [cxt 0] Deparser 'deparser': start
[17:01:20.759] [bmv2] [D] [thread 16711] [9.0] [cxt 0] Deparsing header 'eth'
[17:01:20.759] [bmv2] [D] [thread 16711] [9.0] [cxt 0] Deparser 'deparser': end
[17:01:20.760] [bmv2] [D] [thread 16715] [9.0] [cxt 0] Transmitting packet of size 70 out of port 0
[17:01:21.264] [bmv2] [D] [thread 16710] [10.0] [cxt 0] Processing packet received on port 0
[17:01:21.265] [bmv2] [D] [thread 16710] [10.0] [cxt 0] Parser 'parser': start
[17:01:21.266] [bmv2] [D] [thread 16710] [10.0] [cxt 0] Parser 'parser' entering state 'start'
[17:01:21.266] [bmv2] [D] [thread 16710] [10.0] [cxt 0] Extracting header 'eth'
[17:01:21.266] [bmv2] [D] [thread 16710] [10.0] [cxt 0] Parser state 'start': key is 86dd
[17:01:21.266] [bmv2] [T] [thread 16710] [10.0] [cxt 0] Bytes parsed: 14
[17:01:21.266] [bmv2] [D] [thread 16710] [10.0] [cxt 0] Parser 'parser': end
[17:01:21.266] [bmv2] [D] [thread 16710] [10.0] [cxt 0] Pipeline 'ingress': start
[17:01:21.266] [bmv2] [T] [thread 16710] [10.0] [cxt 0] /vagrant/lab3/sml-eth/p4/main.p4(148) Condition "hdr.sml.isValid()" (node_2) is false
[17:01:21.266] [bmv2] [D] [thread 16710] [10.0] [cxt 0] Pipeline 'ingress': end
[17:01:21.267] [bmv2] [D] [thread 16710] [10.0] [cxt 0] Egress port is 0
[17:01:21.268] [bmv2] [D] [thread 16711] [10.0] [cxt 0] Pipeline 'egress': start
[17:01:21.269] [bmv2] [D] [thread 16711] [10.0] [cxt 0] Pipeline 'egress': end
[17:01:21.270] [bmv2] [D] [thread 16711] [10.0] [cxt 0] Deparser 'deparser': start
[17:01:21.270] [bmv2] [D] [thread 16711] [10.0] [cxt 0] Deparsing header 'eth'
[17:01:21.271] [bmv2] [D] [thread 16711] [10.0] [cxt 0] Deparser 'deparser': end
[17:01:21.272] [bmv2] [D] [thread 16715] [10.0] [cxt 0] Transmitting packet of size 70 out of port 0
[17:01:28.177] [bmv2] [D] [thread 16710] [11.0] [cxt 0] Processing packet received on port 1
[17:01:28.178] [bmv2] [D] [thread 16710] [11.0] [cxt 0] Parser 'parser': start
[17:01:28.178] [bmv2] [D] [thread 16710] [11.0] [cxt 0] Parser 'parser' entering state 'start'
[17:01:28.178] [bmv2] [D] [thread 16710] [11.0] [cxt 0] Extracting header 'eth'
[17:01:28.178] [bmv2] [D] [thread 16710] [11.0] [cxt 0] Parser state 'start': key is 86dd
[17:01:28.178] [bmv2] [T] [thread 16710] [11.0] [cxt 0] Bytes parsed: 14
[17:01:28.179] [bmv2] [D] [thread 16710] [11.0] [cxt 0] Parser 'parser': end
[17:01:28.179] [bmv2] [D] [thread 16710] [11.0] [cxt 0] Pipeline 'ingress': start
[17:01:28.179] [bmv2] [T] [thread 16710] [11.0] [cxt 0] /vagrant/lab3/sml-eth/p4/main.p4(148) Condition "hdr.sml.isValid()" (node_2) is false
[17:01:28.179] [bmv2] [D] [thread 16710] [11.0] [cxt 0] Pipeline 'ingress': end
[17:01:28.179] [bmv2] [D] [thread 16710] [11.0] [cxt 0] Egress port is 0
[17:01:28.181] [bmv2] [D] [thread 16711] [11.0] [cxt 0] Pipeline 'egress': start
[17:01:28.181] [bmv2] [D] [thread 16711] [11.0] [cxt 0] Pipeline 'egress': end
[17:01:28.181] [bmv2] [D] [thread 16711] [11.0] [cxt 0] Deparser 'deparser': start
[17:01:28.181] [bmv2] [D] [thread 16711] [11.0] [cxt 0] Deparsing header 'eth'
[17:01:28.182] [bmv2] [D] [thread 16711] [11.0] [cxt 0] Deparser 'deparser': end
[17:01:28.182] [bmv2] [D] [thread 16715] [11.0] [cxt 0] Transmitting packet of size 70 out of port 0
[17:01:28.945] [bmv2] [D] [thread 16710] [12.0] [cxt 0] Processing packet received on port 0
[17:01:28.946] [bmv2] [D] [thread 16710] [12.0] [cxt 0] Parser 'parser': start
[17:01:28.946] [bmv2] [D] [thread 16710] [12.0] [cxt 0] Parser 'parser' entering state 'start'
[17:01:28.948] [bmv2] [D] [thread 16710] [12.0] [cxt 0] Extracting header 'eth'
[17:01:28.949] [bmv2] [D] [thread 16710] [12.0] [cxt 0] Parser state 'start': key is 86dd
[17:01:28.949] [bmv2] [T] [thread 16710] [12.0] [cxt 0] Bytes parsed: 14
[17:01:28.950] [bmv2] [D] [thread 16710] [12.0] [cxt 0] Parser 'parser': end
[17:01:28.950] [bmv2] [D] [thread 16710] [12.0] [cxt 0] Pipeline 'ingress': start
[17:01:28.951] [bmv2] [T] [thread 16710] [12.0] [cxt 0] /vagrant/lab3/sml-eth/p4/main.p4(148) Condition "hdr.sml.isValid()" (node_2) is false
[17:01:28.951] [bmv2] [D] [thread 16710] [12.0] [cxt 0] Pipeline 'ingress': end
[17:01:28.952] [bmv2] [D] [thread 16710] [12.0] [cxt 0] Egress port is 0
[17:01:28.953] [bmv2] [D] [thread 16711] [12.0] [cxt 0] Pipeline 'egress': start
[17:01:28.953] [bmv2] [D] [thread 16711] [12.0] [cxt 0] Pipeline 'egress': end
[17:01:28.954] [bmv2] [D] [thread 16711] [12.0] [cxt 0] Deparser 'deparser': start
[17:01:28.954] [bmv2] [D] [thread 16711] [12.0] [cxt 0] Deparsing header 'eth'
[17:01:28.954] [bmv2] [D] [thread 16711] [12.0] [cxt 0] Deparser 'deparser': end
[17:01:28.956] [bmv2] [D] [thread 16715] [12.0] [cxt 0] Transmitting packet of size 70 out of port 0
[17:01:42.513] [bmv2] [D] [thread 16710] [13.0] [cxt 0] Processing packet received on port 1
[17:01:42.514] [bmv2] [D] [thread 16710] [13.0] [cxt 0] Parser 'parser': start
[17:01:42.515] [bmv2] [D] [thread 16710] [13.0] [cxt 0] Parser 'parser' entering state 'start'
[17:01:42.516] [bmv2] [D] [thread 16710] [13.0] [cxt 0] Extracting header 'eth'
[17:01:42.518] [bmv2] [D] [thread 16710] [13.0] [cxt 0] Parser state 'start': key is 86dd
[17:01:42.519] [bmv2] [T] [thread 16710] [13.0] [cxt 0] Bytes parsed: 14
[17:01:42.519] [bmv2] [D] [thread 16710] [13.0] [cxt 0] Parser 'parser': end
[17:01:42.520] [bmv2] [D] [thread 16710] [13.0] [cxt 0] Pipeline 'ingress': start
[17:01:42.520] [bmv2] [T] [thread 16710] [13.0] [cxt 0] /vagrant/lab3/sml-eth/p4/main.p4(148) Condition "hdr.sml.isValid()" (node_2) is false
[17:01:42.521] [bmv2] [D] [thread 16710] [13.0] [cxt 0] Pipeline 'ingress': end
[17:01:42.522] [bmv2] [D] [thread 16710] [13.0] [cxt 0] Egress port is 0
[17:01:42.522] [bmv2] [D] [thread 16711] [13.0] [cxt 0] Pipeline 'egress': start
[17:01:42.523] [bmv2] [D] [thread 16711] [13.0] [cxt 0] Pipeline 'egress': end
[17:01:42.524] [bmv2] [D] [thread 16711] [13.0] [cxt 0] Deparser 'deparser': start
[17:01:42.524] [bmv2] [D] [thread 16711] [13.0] [cxt 0] Deparsing header 'eth'
[17:01:42.524] [bmv2] [D] [thread 16711] [13.0] [cxt 0] Deparser 'deparser': end
[17:01:42.525] [bmv2] [D] [thread 16715] [13.0] [cxt 0] Transmitting packet of size 70 out of port 0
[17:01:44.816] [bmv2] [D] [thread 16710] [14.0] [cxt 0] Processing packet received on port 0
[17:01:44.817] [bmv2] [D] [thread 16710] [14.0] [cxt 0] Parser 'parser': start
[17:01:44.817] [bmv2] [D] [thread 16710] [14.0] [cxt 0] Parser 'parser' entering state 'start'
[17:01:44.818] [bmv2] [D] [thread 16710] [14.0] [cxt 0] Extracting header 'eth'
[17:01:44.819] [bmv2] [D] [thread 16710] [14.0] [cxt 0] Parser state 'start': key is 86dd
[17:01:44.819] [bmv2] [T] [thread 16710] [14.0] [cxt 0] Bytes parsed: 14
[17:01:44.820] [bmv2] [D] [thread 16710] [14.0] [cxt 0] Parser 'parser': end
[17:01:44.821] [bmv2] [D] [thread 16710] [14.0] [cxt 0] Pipeline 'ingress': start
[17:01:44.821] [bmv2] [T] [thread 16710] [14.0] [cxt 0] /vagrant/lab3/sml-eth/p4/main.p4(148) Condition "hdr.sml.isValid()" (node_2) is false
[17:01:44.822] [bmv2] [D] [thread 16710] [14.0] [cxt 0] Pipeline 'ingress': end
[17:01:44.823] [bmv2] [D] [thread 16710] [14.0] [cxt 0] Egress port is 0
[17:01:44.824] [bmv2] [D] [thread 16711] [14.0] [cxt 0] Pipeline 'egress': start
[17:01:44.824] [bmv2] [D] [thread 16711] [14.0] [cxt 0] Pipeline 'egress': end
[17:01:44.825] [bmv2] [D] [thread 16711] [14.0] [cxt 0] Deparser 'deparser': start
[17:01:44.826] [bmv2] [D] [thread 16711] [14.0] [cxt 0] Deparsing header 'eth'
[17:01:44.826] [bmv2] [D] [thread 16711] [14.0] [cxt 0] Deparser 'deparser': end
[17:01:44.827] [bmv2] [D] [thread 16715] [14.0] [cxt 0] Transmitting packet of size 70 out of port 0
[17:02:10.671] [bmv2] [D] [thread 16710] [15.0] [cxt 0] Processing packet received on port 1
[17:02:10.671] [bmv2] [D] [thread 16710] [15.0] [cxt 0] Parser 'parser': start
[17:02:10.671] [bmv2] [D] [thread 16710] [15.0] [cxt 0] Parser 'parser' entering state 'start'
[17:02:10.671] [bmv2] [D] [thread 16710] [15.0] [cxt 0] Extracting header 'eth'
[17:02:10.671] [bmv2] [D] [thread 16710] [15.0] [cxt 0] Parser state 'start': key is 86dd
[17:02:10.671] [bmv2] [T] [thread 16710] [15.0] [cxt 0] Bytes parsed: 14
[17:02:10.672] [bmv2] [D] [thread 16710] [15.0] [cxt 0] Parser 'parser': end
[17:02:10.672] [bmv2] [D] [thread 16710] [15.0] [cxt 0] Pipeline 'ingress': start
[17:02:10.672] [bmv2] [T] [thread 16710] [15.0] [cxt 0] /vagrant/lab3/sml-eth/p4/main.p4(148) Condition "hdr.sml.isValid()" (node_2) is false
[17:02:10.673] [bmv2] [D] [thread 16710] [15.0] [cxt 0] Pipeline 'ingress': end
[17:02:10.674] [bmv2] [D] [thread 16710] [15.0] [cxt 0] Egress port is 0
[17:02:10.675] [bmv2] [D] [thread 16711] [15.0] [cxt 0] Pipeline 'egress': start
[17:02:10.676] [bmv2] [D] [thread 16711] [15.0] [cxt 0] Pipeline 'egress': end
[17:02:10.676] [bmv2] [D] [thread 16711] [15.0] [cxt 0] Deparser 'deparser': start
[17:02:10.676] [bmv2] [D] [thread 16711] [15.0] [cxt 0] Deparsing header 'eth'
[17:02:10.677] [bmv2] [D] [thread 16711] [15.0] [cxt 0] Deparser 'deparser': end
[17:02:10.677] [bmv2] [D] [thread 16715] [15.0] [cxt 0] Transmitting packet of size 70 out of port 0
[17:02:16.822] [bmv2] [D] [thread 16710] [16.0] [cxt 0] Processing packet received on port 0
[17:02:16.824] [bmv2] [D] [thread 16710] [16.0] [cxt 0] Parser 'parser': start
[17:02:16.828] [bmv2] [D] [thread 16710] [16.0] [cxt 0] Parser 'parser' entering state 'start'
[17:02:16.829] [bmv2] [D] [thread 16710] [16.0] [cxt 0] Extracting header 'eth'
[17:02:16.830] [bmv2] [D] [thread 16710] [16.0] [cxt 0] Parser state 'start': key is 86dd
[17:02:16.831] [bmv2] [T] [thread 16710] [16.0] [cxt 0] Bytes parsed: 14
[17:02:16.832] [bmv2] [D] [thread 16710] [16.0] [cxt 0] Parser 'parser': end
[17:02:16.832] [bmv2] [D] [thread 16710] [16.0] [cxt 0] Pipeline 'ingress': start
[17:02:16.833] [bmv2] [T] [thread 16710] [16.0] [cxt 0] /vagrant/lab3/sml-eth/p4/main.p4(148) Condition "hdr.sml.isValid()" (node_2) is false
[17:02:16.834] [bmv2] [D] [thread 16710] [16.0] [cxt 0] Pipeline 'ingress': end
[17:02:16.834] [bmv2] [D] [thread 16710] [16.0] [cxt 0] Egress port is 0
[17:02:16.836] [bmv2] [D] [thread 16711] [16.0] [cxt 0] Pipeline 'egress': start
[17:02:16.836] [bmv2] [D] [thread 16711] [16.0] [cxt 0] Pipeline 'egress': end
[17:02:16.837] [bmv2] [D] [thread 16711] [16.0] [cxt 0] Deparser 'deparser': start
[17:02:16.837] [bmv2] [D] [thread 16711] [16.0] [cxt 0] Deparsing header 'eth'
[17:02:16.838] [bmv2] [D] [thread 16711] [16.0] [cxt 0] Deparser 'deparser': end
[17:02:16.839] [bmv2] [D] [thread 16715] [16.0] [cxt 0] Transmitting packet of size 70 out of port 0
[17:03:06.416] [bmv2] [D] [thread 16710] [17.0] [cxt 0] Processing packet received on port 0
[17:03:06.418] [bmv2] [D] [thread 16710] [17.0] [cxt 0] Parser 'parser': start
[17:03:06.419] [bmv2] [D] [thread 16710] [17.0] [cxt 0] Parser 'parser' entering state 'start'
[17:03:06.419] [bmv2] [D] [thread 16710] [17.0] [cxt 0] Extracting header 'eth'
[17:03:06.420] [bmv2] [D] [thread 16710] [17.0] [cxt 0] Parser state 'start': key is 88b5
[17:03:06.421] [bmv2] [T] [thread 16710] [17.0] [cxt 0] Bytes parsed: 14
[17:03:06.422] [bmv2] [D] [thread 16710] [17.0] [cxt 0] Parser 'parser' entering state 'parse_switchml'
[17:03:06.424] [bmv2] [D] [thread 16710] [17.0] [cxt 0] Extracting header 'sml'
[17:03:06.425] [bmv2] [D] [thread 16710] [17.0] [cxt 0] Parser state 'parse_switchml' has no switch, going to default next state
[17:03:06.426] [bmv2] [T] [thread 16710] [17.0] [cxt 0] Bytes parsed: 34
[17:03:06.427] [bmv2] [D] [thread 16710] [17.0] [cxt 0] Parser 'parser': end
[17:03:06.427] [bmv2] [D] [thread 16710] [17.0] [cxt 0] Pipeline 'ingress': start
[17:03:06.428] [bmv2] [T] [thread 16710] [17.0] [cxt 0] /vagrant/lab3/sml-eth/p4/main.p4(148) Condition "hdr.sml.isValid()" (node_2) is true
[17:03:06.428] [bmv2] [T] [thread 16710] [17.0] [cxt 0] Applying table 'tbl_main150'
[17:03:06.429] [bmv2] [D] [thread 16710] [17.0] [cxt 0] Looking up key:

[17:03:06.430] [bmv2] [D] [thread 16710] [17.0] [cxt 0] Table 'tbl_main150': miss
[17:03:06.431] [bmv2] [D] [thread 16710] [17.0] [cxt 0] Action entry is main150 - 
[17:03:06.431] [bmv2] [T] [thread 16710] [17.0] [cxt 0] Action main150
[17:03:06.432] [bmv2] [T] [thread 16710] [17.0] [cxt 0] /vagrant/lab3/sml-eth/p4/main.p4(150) Primitive counter_reg.read(meta.current_count, 0)
[17:03:06.433] [bmv2] [T] [thread 16710] [17.0] [cxt 0] Read register 'TheIngress.counter_reg' at index 0 read value 0
[17:03:06.434] [bmv2] [T] [thread 16710] [17.0] [cxt 0] Applying table 'TheIngress.aggregation_table'
[17:03:06.435] [bmv2] [D] [thread 16710] [17.0] [cxt 0] Looking up key:
* meta.current_count  : 00000000

[17:03:06.436] [bmv2] [D] [thread 16710] [17.0] [cxt 0] Table 'TheIngress.aggregation_table': miss
[17:03:06.437] [bmv2] [D] [thread 16710] [17.0] [cxt 0] Action entry is TheIngress.aggregate_and_increment - 
[17:03:06.437] [bmv2] [T] [thread 16710] [17.0] [cxt 0] Action TheIngress.aggregate_and_increment
[17:03:06.438] [bmv2] [T] [thread 16710] [17.0] [cxt 0] /vagrant/lab3/sml-eth/p4/main.p4(93) Primitive aggregation_reg.read(current_val, 0)
[17:03:06.438] [bmv2] [T] [thread 16710] [17.0] [cxt 0] Read register 'TheIngress.aggregation_reg' at index 0 read value 0
[17:03:06.439] [bmv2] [T] [thread 16710] [17.0] [cxt 0] /vagrant/lab3/sml-eth/p4/main.p4(94) Primitive current_val + hdr.sml.payload0
[17:03:06.440] [bmv2] [T] [thread 16710] [17.0] [cxt 0] /vagrant/lab3/sml-eth/p4/main.p4(94) Primitive aggregation_reg.write(0, current_val + hdr.sml.payload0)
[17:03:06.441] [bmv2] [T] [thread 16710] [17.0] [cxt 0] Wrote register 'TheIngress.aggregation_reg' at index 0 with value 34841
[17:03:06.442] [bmv2] [T] [thread 16710] [17.0] [cxt 0] /vagrant/lab3/sml-eth/p4/main.p4(95) Primitive aggregation_reg.read(current_val, 1)
[17:03:06.442] [bmv2] [T] [thread 16710] [17.0] [cxt 0] Read register 'TheIngress.aggregation_reg' at index 1 read value 0
[17:03:06.443] [bmv2] [T] [thread 16710] [17.0] [cxt 0] /vagrant/lab3/sml-eth/p4/main.p4(96) Primitive current_val + hdr.sml.payload1
[17:03:06.443] [bmv2] [T] [thread 16710] [17.0] [cxt 0] /vagrant/lab3/sml-eth/p4/main.p4(96) Primitive aggregation_reg.write(1, current_val + hdr.sml.payload1)
[17:03:06.444] [bmv2] [T] [thread 16710] [17.0] [cxt 0] Wrote register 'TheIngress.aggregation_reg' at index 1 with value 62443
[17:03:06.444] [bmv2] [T] [thread 16710] [17.0] [cxt 0] /vagrant/lab3/sml-eth/p4/main.p4(97) Primitive aggregation_reg.read(current_val, 2)
[17:03:06.445] [bmv2] [T] [thread 16710] [17.0] [cxt 0] Read register 'TheIngress.aggregation_reg' at index 2 read value 0
[17:03:06.446] [bmv2] [T] [thread 16710] [17.0] [cxt 0] /vagrant/lab3/sml-eth/p4/main.p4(98) Primitive current_val + hdr.sml.payload2
[17:03:06.446] [bmv2] [T] [thread 16710] [17.0] [cxt 0] /vagrant/lab3/sml-eth/p4/main.p4(98) Primitive aggregation_reg.write(2, current_val + hdr.sml.payload2)
[17:03:06.447] [bmv2] [T] [thread 16710] [17.0] [cxt 0] Wrote register 'TheIngress.aggregation_reg' at index 2 with value 53534
[17:03:06.447] [bmv2] [T] [thread 16710] [17.0] [cxt 0] /vagrant/lab3/sml-eth/p4/main.p4(99) Primitive aggregation_reg.read(current_val, 3)
[17:03:06.448] [bmv2] [T] [thread 16710] [17.0] [cxt 0] Read register 'TheIngress.aggregation_reg' at index 3 read value 0
[17:03:06.449] [bmv2] [T] [thread 16710] [17.0] [cxt 0] /vagrant/lab3/sml-eth/p4/main.p4(100) Primitive current_val + hdr.sml.payload3
[17:03:06.449] [bmv2] [T] [thread 16710] [17.0] [cxt 0] /vagrant/lab3/sml-eth/p4/main.p4(100) Primitive aggregation_reg.write(3, current_val + hdr.sml.payload3)
[17:03:06.450] [bmv2] [T] [thread 16710] [17.0] [cxt 0] Wrote register 'TheIngress.aggregation_reg' at index 3 with value 53496
[17:03:06.451] [bmv2] [T] [thread 16710] [17.0] [cxt 0] /vagrant/lab3/sml-eth/p4/main.p4(101) Primitive meta.current_count + 1
[17:03:06.451] [bmv2] [T] [thread 16710] [17.0] [cxt 0] /vagrant/lab3/sml-eth/p4/main.p4(101) Primitive counter_reg.write(0, meta.current_count + 1)
[17:03:06.452] [bmv2] [T] [thread 16710] [17.0] [cxt 0] Wrote register 'TheIngress.counter_reg' at index 0 with value 1
[17:03:06.452] [bmv2] [T] [thread 16710] [17.0] [cxt 0] /vagrant/lab3/sml-eth/p4/main.p4(103) Primitive mark_to_drop(standard_metadata)
[17:03:06.453] [bmv2] [D] [thread 16710] [17.0] [cxt 0] Pipeline 'ingress': end
[17:03:06.453] [bmv2] [D] [thread 16710] [17.0] [cxt 0] Egress port is 511
[17:03:06.454] [bmv2] [D] [thread 16710] [17.0] [cxt 0] Dropping packet at the end of ingress
[17:03:06.455] [bmv2] [D] [thread 16710] [18.0] [cxt 0] Processing packet received on port 1
[17:03:06.455] [bmv2] [D] [thread 16710] [18.0] [cxt 0] Parser 'parser': start
[17:03:06.456] [bmv2] [D] [thread 16710] [18.0] [cxt 0] Parser 'parser' entering state 'start'
[17:03:06.456] [bmv2] [D] [thread 16710] [18.0] [cxt 0] Extracting header 'eth'
[17:03:06.457] [bmv2] [D] [thread 16710] [18.0] [cxt 0] Parser state 'start': key is 88b5
[17:03:06.458] [bmv2] [T] [thread 16710] [18.0] [cxt 0] Bytes parsed: 14
[17:03:06.458] [bmv2] [D] [thread 16710] [18.0] [cxt 0] Parser 'parser' entering state 'parse_switchml'
[17:03:06.459] [bmv2] [D] [thread 16710] [18.0] [cxt 0] Extracting header 'sml'
[17:03:06.459] [bmv2] [D] [thread 16710] [18.0] [cxt 0] Parser state 'parse_switchml' has no switch, going to default next state
[17:03:06.460] [bmv2] [T] [thread 16710] [18.0] [cxt 0] Bytes parsed: 34
[17:03:06.460] [bmv2] [D] [thread 16710] [18.0] [cxt 0] Parser 'parser': end
[17:03:06.461] [bmv2] [D] [thread 16710] [18.0] [cxt 0] Pipeline 'ingress': start
[17:03:06.462] [bmv2] [T] [thread 16710] [18.0] [cxt 0] /vagrant/lab3/sml-eth/p4/main.p4(148) Condition "hdr.sml.isValid()" (node_2) is true
[17:03:06.462] [bmv2] [T] [thread 16710] [18.0] [cxt 0] Applying table 'tbl_main150'
[17:03:06.462] [bmv2] [D] [thread 16710] [18.0] [cxt 0] Looking up key:

[17:03:06.463] [bmv2] [D] [thread 16710] [18.0] [cxt 0] Table 'tbl_main150': miss
[17:03:06.463] [bmv2] [D] [thread 16710] [18.0] [cxt 0] Action entry is main150 - 
[17:03:06.464] [bmv2] [T] [thread 16710] [18.0] [cxt 0] Action main150
[17:03:06.465] [bmv2] [T] [thread 16710] [18.0] [cxt 0] /vagrant/lab3/sml-eth/p4/main.p4(150) Primitive counter_reg.read(meta.current_count, 0)
[17:03:06.465] [bmv2] [T] [thread 16710] [18.0] [cxt 0] Read register 'TheIngress.counter_reg' at index 0 read value 1
[17:03:06.466] [bmv2] [T] [thread 16710] [18.0] [cxt 0] Applying table 'TheIngress.aggregation_table'
[17:03:06.467] [bmv2] [D] [thread 16710] [18.0] [cxt 0] Looking up key:
* meta.current_count  : 00000001

[17:03:06.467] [bmv2] [D] [thread 16710] [18.0] [cxt 0] Table 'TheIngress.aggregation_table': hit with handle 0
[17:03:06.468] [bmv2] [D] [thread 16710] [18.0] [cxt 0] Dumping entry 0
Match key:
* meta.current_count  : EXACT     00000001
Action entry: TheIngress.broadcast_and_reset - 

[17:03:06.469] [bmv2] [D] [thread 16710] [18.0] [cxt 0] Action entry is TheIngress.broadcast_and_reset - 
[17:03:06.469] [bmv2] [T] [thread 16710] [18.0] [cxt 0] Action TheIngress.broadcast_and_reset
[17:03:06.470] [bmv2] [T] [thread 16710] [18.0] [cxt 0] /vagrant/lab3/sml-eth/p4/main.p4(109) Primitive aggregation_reg.read(tmp, 0)
[17:03:06.470] [bmv2] [T] [thread 16710] [18.0] [cxt 0] Read register 'TheIngress.aggregation_reg' at index 0 read value 34841
[17:03:06.471] [bmv2] [T] [thread 16710] [18.0] [cxt 0] /vagrant/lab3/sml-eth/p4/main.p4(110) Primitive tmp + hdr.sml.payload0
[17:03:06.472] [bmv2] [T] [thread 16710] [18.0] [cxt 0] /vagrant/lab3/sml-eth/p4/main.p4(110) Primitive aggregation_reg.write(0, tmp + hdr.sml.payload0)
[17:03:06.473] [bmv2] [T] [thread 16710] [18.0] [cxt 0] Wrote register 'TheIngress.aggregation_reg' at index 0 with value 88690
[17:03:06.473] [bmv2] [T] [thread 16710] [18.0] [cxt 0] /vagrant/lab3/sml-eth/p4/main.p4(111) Primitive aggregation_reg.read(tmp, 1)
[17:03:06.474] [bmv2] [T] [thread 16710] [18.0] [cxt 0] Read register 'TheIngress.aggregation_reg' at index 1 read value 62443
[17:03:06.474] [bmv2] [T] [thread 16710] [18.0] [cxt 0] /vagrant/lab3/sml-eth/p4/main.p4(112) Primitive tmp + hdr.sml.payload1
[17:03:06.475] [bmv2] [T] [thread 16710] [18.0] [cxt 0] /vagrant/lab3/sml-eth/p4/main.p4(112) Primitive aggregation_reg.write(1, tmp + hdr.sml.payload1)
[17:03:06.476] [bmv2] [T] [thread 16710] [18.0] [cxt 0] Wrote register 'TheIngress.aggregation_reg' at index 1 with value 71495
[17:03:06.476] [bmv2] [T] [thread 16710] [18.0] [cxt 0] /vagrant/lab3/sml-eth/p4/main.p4(113) Primitive aggregation_reg.read(tmp, 2)
[17:03:06.477] [bmv2] [T] [thread 16710] [18.0] [cxt 0] Read register 'TheIngress.aggregation_reg' at index 2 read value 53534
[17:03:06.477] [bmv2] [T] [thread 16710] [18.0] [cxt 0] /vagrant/lab3/sml-eth/p4/main.p4(114) Primitive tmp + hdr.sml.payload2
[17:03:06.478] [bmv2] [T] [thread 16710] [18.0] [cxt 0] /vagrant/lab3/sml-eth/p4/main.p4(114) Primitive aggregation_reg.write(2, tmp + hdr.sml.payload2)
[17:03:06.478] [bmv2] [T] [thread 16710] [18.0] [cxt 0] Wrote register 'TheIngress.aggregation_reg' at index 2 with value 110032
[17:03:06.479] [bmv2] [T] [thread 16710] [18.0] [cxt 0] /vagrant/lab3/sml-eth/p4/main.p4(115) Primitive aggregation_reg.read(tmp, 3)
[17:03:06.479] [bmv2] [T] [thread 16710] [18.0] [cxt 0] Read register 'TheIngress.aggregation_reg' at index 3 read value 53496
[17:03:06.479] [bmv2] [T] [thread 16710] [18.0] [cxt 0] /vagrant/lab3/sml-eth/p4/main.p4(116) Primitive tmp + hdr.sml.payload3
[17:03:06.480] [bmv2] [T] [thread 16710] [18.0] [cxt 0] /vagrant/lab3/sml-eth/p4/main.p4(116) Primitive aggregation_reg.write(3, tmp + hdr.sml.payload3)
[17:03:06.481] [bmv2] [T] [thread 16710] [18.0] [cxt 0] Wrote register 'TheIngress.aggregation_reg' at index 3 with value 103077
[17:03:06.481] [bmv2] [T] [thread 16710] [18.0] [cxt 0] /vagrant/lab3/sml-eth/p4/main.p4(118) Primitive aggregation_reg.read(hdr.sml.payload0, 0)
[17:03:06.482] [bmv2] [T] [thread 16710] [18.0] [cxt 0] Read register 'TheIngress.aggregation_reg' at index 0 read value 88690
[17:03:06.483] [bmv2] [T] [thread 16710] [18.0] [cxt 0] /vagrant/lab3/sml-eth/p4/main.p4(119) Primitive aggregation_reg.read(hdr.sml.payload1, 1)
[17:03:06.484] [bmv2] [T] [thread 16710] [18.0] [cxt 0] Read register 'TheIngress.aggregation_reg' at index 1 read value 71495
[17:03:06.484] [bmv2] [T] [thread 16710] [18.0] [cxt 0] /vagrant/lab3/sml-eth/p4/main.p4(120) Primitive aggregation_reg.read(hdr.sml.payload2, 2)
[17:03:06.485] [bmv2] [T] [thread 16710] [18.0] [cxt 0] Read register 'TheIngress.aggregation_reg' at index 2 read value 110032
[17:03:06.486] [bmv2] [T] [thread 16710] [18.0] [cxt 0] /vagrant/lab3/sml-eth/p4/main.p4(121) Primitive aggregation_reg.read(hdr.sml.payload3, 3)
[17:03:06.486] [bmv2] [T] [thread 16710] [18.0] [cxt 0] Read register 'TheIngress.aggregation_reg' at index 3 read value 103077
[17:03:06.486] [bmv2] [T] [thread 16710] [18.0] [cxt 0] /vagrant/lab3/sml-eth/p4/main.p4(123) Primitive counter_reg.write(0, 0)
[17:03:06.487] [bmv2] [T] [thread 16710] [18.0] [cxt 0] Wrote register 'TheIngress.counter_reg' at index 0 with value 0
[17:03:06.487] [bmv2] [T] [thread 16710] [18.0] [cxt 0] /vagrant/lab3/sml-eth/p4/main.p4(124) Primitive aggregation_reg.write(0, 0)
[17:03:06.488] [bmv2] [T] [thread 16710] [18.0] [cxt 0] Wrote register 'TheIngress.aggregation_reg' at index 0 with value 0
[17:03:06.488] [bmv2] [T] [thread 16710] [18.0] [cxt 0] /vagrant/lab3/sml-eth/p4/main.p4(125) Primitive aggregation_reg.write(1, 0)
[17:03:06.489] [bmv2] [T] [thread 16710] [18.0] [cxt 0] Wrote register 'TheIngress.aggregation_reg' at index 1 with value 0
[17:03:06.490] [bmv2] [T] [thread 16710] [18.0] [cxt 0] /vagrant/lab3/sml-eth/p4/main.p4(126) Primitive aggregation_reg.write(2, 0)
[17:03:06.490] [bmv2] [T] [thread 16710] [18.0] [cxt 0] Wrote register 'TheIngress.aggregation_reg' at index 2 with value 0
[17:03:06.491] [bmv2] [T] [thread 16710] [18.0] [cxt 0] /vagrant/lab3/sml-eth/p4/main.p4(127) Primitive aggregation_reg.write(3, 0)
[17:03:06.491] [bmv2] [T] [thread 16710] [18.0] [cxt 0] Wrote register 'TheIngress.aggregation_reg' at index 3 with value 0
[17:03:06.492] [bmv2] [T] [thread 16710] [18.0] [cxt 0] /vagrant/lab3/sml-eth/p4/main.p4(21) Primitive 0x0000000000FF; ...
[17:03:06.492] [bmv2] [T] [thread 16710] [18.0] [cxt 0] /vagrant/lab3/sml-eth/p4/main.p4(129) Primitive standard_metadata.mcast_grp = 1
[17:03:06.493] [bmv2] [D] [thread 16710] [18.0] [cxt 0] Pipeline 'ingress': end
[17:03:06.493] [bmv2] [D] [thread 16710] [18.0] [cxt 0] Multicast requested for packet
[17:03:06.494] [bmv2] [D] [thread 16710] number of packets replicated : 2
[17:03:06.494] [bmv2] [D] [thread 16710] [18.0] [cxt 0] Replicating packet on port 1
[17:03:06.495] [bmv2] [D] [thread 16710] [18.0] [cxt 0] Replicating packet on port 0
[17:03:06.496] [bmv2] [D] [thread 16712] [18.1] [cxt 0] Pipeline 'egress': start
[17:03:06.497] [bmv2] [D] [thread 16712] [18.1] [cxt 0] Pipeline 'egress': end
[17:03:06.498] [bmv2] [D] [thread 16712] [18.1] [cxt 0] Deparser 'deparser': start
[17:03:06.499] [bmv2] [D] [thread 16712] [18.1] [cxt 0] Deparsing header 'eth'
[17:03:06.500] [bmv2] [D] [thread 16712] [18.1] [cxt 0] Deparsing header 'sml'
[17:03:06.500] [bmv2] [D] [thread 16712] [18.1] [cxt 0] Deparser 'deparser': end
[17:03:06.496] [bmv2] [D] [thread 16711] [18.2] [cxt 0] Pipeline 'egress': start
[17:03:06.502] [bmv2] [D] [thread 16711] [18.2] [cxt 0] Pipeline 'egress': end
[17:03:06.503] [bmv2] [D] [thread 16711] [18.2] [cxt 0] Deparser 'deparser': start
[17:03:06.504] [bmv2] [D] [thread 16711] [18.2] [cxt 0] Deparsing header 'eth'
[17:03:06.504] [bmv2] [D] [thread 16711] [18.2] [cxt 0] Deparsing header 'sml'
[17:03:06.506] [bmv2] [D] [thread 16711] [18.2] [cxt 0] Deparser 'deparser': end
[17:03:06.502] [bmv2] [D] [thread 16715] [18.1] [cxt 0] Transmitting packet of size 34 out of port 1
[17:03:06.508] [bmv2] [D] [thread 16715] [18.2] [cxt 0] Transmitting packet of size 34 out of port 0
[17:03:06.728] [bmv2] [D] [thread 16710] [19.0] [cxt 0] Processing packet received on port 0
[17:03:06.728] [bmv2] [D] [thread 16710] [19.0] [cxt 0] Parser 'parser': start
[17:03:06.729] [bmv2] [D] [thread 16710] [19.0] [cxt 0] Parser 'parser' entering state 'start'
[17:03:06.730] [bmv2] [D] [thread 16710] [19.0] [cxt 0] Extracting header 'eth'
[17:03:06.730] [bmv2] [D] [thread 16710] [19.0] [cxt 0] Parser state 'start': key is 88b5
[17:03:06.731] [bmv2] [T] [thread 16710] [19.0] [cxt 0] Bytes parsed: 14
[17:03:06.732] [bmv2] [D] [thread 16710] [19.0] [cxt 0] Parser 'parser' entering state 'parse_switchml'
[17:03:06.732] [bmv2] [D] [thread 16710] [19.0] [cxt 0] Extracting header 'sml'
[17:03:06.733] [bmv2] [D] [thread 16710] [19.0] [cxt 0] Parser state 'parse_switchml' has no switch, going to default next state
[17:03:06.734] [bmv2] [T] [thread 16710] [19.0] [cxt 0] Bytes parsed: 34
[17:03:06.734] [bmv2] [D] [thread 16710] [19.0] [cxt 0] Parser 'parser': end
[17:03:06.735] [bmv2] [D] [thread 16710] [19.0] [cxt 0] Pipeline 'ingress': start
[17:03:06.736] [bmv2] [T] [thread 16710] [19.0] [cxt 0] /vagrant/lab3/sml-eth/p4/main.p4(148) Condition "hdr.sml.isValid()" (node_2) is true
[17:03:06.737] [bmv2] [T] [thread 16710] [19.0] [cxt 0] Applying table 'tbl_main150'
[17:03:06.738] [bmv2] [D] [thread 16710] [19.0] [cxt 0] Looking up key:

[17:03:06.738] [bmv2] [D] [thread 16710] [19.0] [cxt 0] Table 'tbl_main150': miss
[17:03:06.739] [bmv2] [D] [thread 16710] [19.0] [cxt 0] Action entry is main150 - 
[17:03:06.739] [bmv2] [T] [thread 16710] [19.0] [cxt 0] Action main150
[17:03:06.740] [bmv2] [T] [thread 16710] [19.0] [cxt 0] /vagrant/lab3/sml-eth/p4/main.p4(150) Primitive counter_reg.read(meta.current_count, 0)
[17:03:06.741] [bmv2] [T] [thread 16710] [19.0] [cxt 0] Read register 'TheIngress.counter_reg' at index 0 read value 0
[17:03:06.742] [bmv2] [T] [thread 16710] [19.0] [cxt 0] Applying table 'TheIngress.aggregation_table'
[17:03:06.742] [bmv2] [D] [thread 16710] [19.0] [cxt 0] Looking up key:
* meta.current_count  : 00000000

[17:03:06.743] [bmv2] [D] [thread 16710] [19.0] [cxt 0] Table 'TheIngress.aggregation_table': miss
[17:03:06.744] [bmv2] [D] [thread 16710] [19.0] [cxt 0] Action entry is TheIngress.aggregate_and_increment - 
[17:03:06.745] [bmv2] [T] [thread 16710] [19.0] [cxt 0] Action TheIngress.aggregate_and_increment
[17:03:06.746] [bmv2] [T] [thread 16710] [19.0] [cxt 0] /vagrant/lab3/sml-eth/p4/main.p4(93) Primitive aggregation_reg.read(current_val, 0)
[17:03:06.746] [bmv2] [T] [thread 16710] [19.0] [cxt 0] Read register 'TheIngress.aggregation_reg' at index 0 read value 0
[17:03:06.747] [bmv2] [T] [thread 16710] [19.0] [cxt 0] /vagrant/lab3/sml-eth/p4/main.p4(94) Primitive current_val + hdr.sml.payload0
[17:03:06.747] [bmv2] [T] [thread 16710] [19.0] [cxt 0] /vagrant/lab3/sml-eth/p4/main.p4(94) Primitive aggregation_reg.write(0, current_val + hdr.sml.payload0)
[17:03:06.748] [bmv2] [T] [thread 16710] [19.0] [cxt 0] Wrote register 'TheIngress.aggregation_reg' at index 0 with value 33023
[17:03:06.748] [bmv2] [T] [thread 16710] [19.0] [cxt 0] /vagrant/lab3/sml-eth/p4/main.p4(95) Primitive aggregation_reg.read(current_val, 1)
[17:03:06.749] [bmv2] [T] [thread 16710] [19.0] [cxt 0] Read register 'TheIngress.aggregation_reg' at index 1 read value 0
[17:03:06.750] [bmv2] [T] [thread 16710] [19.0] [cxt 0] /vagrant/lab3/sml-eth/p4/main.p4(96) Primitive current_val + hdr.sml.payload1
[17:03:06.751] [bmv2] [T] [thread 16710] [19.0] [cxt 0] /vagrant/lab3/sml-eth/p4/main.p4(96) Primitive aggregation_reg.write(1, current_val + hdr.sml.payload1)
[17:03:06.752] [bmv2] [T] [thread 16710] [19.0] [cxt 0] Wrote register 'TheIngress.aggregation_reg' at index 1 with value 47068
[17:03:06.753] [bmv2] [T] [thread 16710] [19.0] [cxt 0] /vagrant/lab3/sml-eth/p4/main.p4(97) Primitive aggregation_reg.read(current_val, 2)
[17:03:06.754] [bmv2] [T] [thread 16710] [19.0] [cxt 0] Read register 'TheIngress.aggregation_reg' at index 2 read value 0
[17:03:06.754] [bmv2] [T] [thread 16710] [19.0] [cxt 0] /vagrant/lab3/sml-eth/p4/main.p4(98) Primitive current_val + hdr.sml.payload2
[17:03:06.755] [bmv2] [T] [thread 16710] [19.0] [cxt 0] /vagrant/lab3/sml-eth/p4/main.p4(98) Primitive aggregation_reg.write(2, current_val + hdr.sml.payload2)
[17:03:06.756] [bmv2] [T] [thread 16710] [19.0] [cxt 0] Wrote register 'TheIngress.aggregation_reg' at index 2 with value 56859
[17:03:06.757] [bmv2] [T] [thread 16710] [19.0] [cxt 0] /vagrant/lab3/sml-eth/p4/main.p4(99) Primitive aggregation_reg.read(current_val, 3)
[17:03:06.758] [bmv2] [T] [thread 16710] [19.0] [cxt 0] Read register 'TheIngress.aggregation_reg' at index 3 read value 0
[17:03:06.759] [bmv2] [T] [thread 16710] [19.0] [cxt 0] /vagrant/lab3/sml-eth/p4/main.p4(100) Primitive current_val + hdr.sml.payload3
[17:03:06.760] [bmv2] [T] [thread 16710] [19.0] [cxt 0] /vagrant/lab3/sml-eth/p4/main.p4(100) Primitive aggregation_reg.write(3, current_val + hdr.sml.payload3)
[17:03:06.760] [bmv2] [T] [thread 16710] [19.0] [cxt 0] Wrote register 'TheIngress.aggregation_reg' at index 3 with value 23617
[17:03:06.761] [bmv2] [T] [thread 16710] [19.0] [cxt 0] /vagrant/lab3/sml-eth/p4/main.p4(101) Primitive meta.current_count + 1
[17:03:06.762] [bmv2] [T] [thread 16710] [19.0] [cxt 0] /vagrant/lab3/sml-eth/p4/main.p4(101) Primitive counter_reg.write(0, meta.current_count + 1)
[17:03:06.762] [bmv2] [T] [thread 16710] [19.0] [cxt 0] Wrote register 'TheIngress.counter_reg' at index 0 with value 1
[17:03:06.763] [bmv2] [T] [thread 16710] [19.0] [cxt 0] /vagrant/lab3/sml-eth/p4/main.p4(103) Primitive mark_to_drop(standard_metadata)
[17:03:06.763] [bmv2] [D] [thread 16710] [19.0] [cxt 0] Pipeline 'ingress': end
[17:03:06.764] [bmv2] [D] [thread 16710] [19.0] [cxt 0] Egress port is 511
[17:03:06.765] [bmv2] [D] [thread 16710] [19.0] [cxt 0] Dropping packet at the end of ingress
[17:03:06.766] [bmv2] [D] [thread 16710] [20.0] [cxt 0] Processing packet received on port 1
[17:03:06.766] [bmv2] [D] [thread 16710] [20.0] [cxt 0] Parser 'parser': start
[17:03:06.767] [bmv2] [D] [thread 16710] [20.0] [cxt 0] Parser 'parser' entering state 'start'
[17:03:06.767] [bmv2] [D] [thread 16710] [20.0] [cxt 0] Extracting header 'eth'
[17:03:06.768] [bmv2] [D] [thread 16710] [20.0] [cxt 0] Parser state 'start': key is 88b5
[17:03:06.769] [bmv2] [T] [thread 16710] [20.0] [cxt 0] Bytes parsed: 14
[17:03:06.770] [bmv2] [D] [thread 16710] [20.0] [cxt 0] Parser 'parser' entering state 'parse_switchml'
[17:03:06.771] [bmv2] [D] [thread 16710] [20.0] [cxt 0] Extracting header 'sml'
[17:03:06.771] [bmv2] [D] [thread 16710] [20.0] [cxt 0] Parser state 'parse_switchml' has no switch, going to default next state
[17:03:06.771] [bmv2] [T] [thread 16710] [20.0] [cxt 0] Bytes parsed: 34
[17:03:06.772] [bmv2] [D] [thread 16710] [20.0] [cxt 0] Parser 'parser': end
[17:03:06.773] [bmv2] [D] [thread 16710] [20.0] [cxt 0] Pipeline 'ingress': start
[17:03:06.774] [bmv2] [T] [thread 16710] [20.0] [cxt 0] /vagrant/lab3/sml-eth/p4/main.p4(148) Condition "hdr.sml.isValid()" (node_2) is true
[17:03:06.775] [bmv2] [T] [thread 16710] [20.0] [cxt 0] Applying table 'tbl_main150'
[17:03:06.775] [bmv2] [D] [thread 16710] [20.0] [cxt 0] Looking up key:

[17:03:06.776] [bmv2] [D] [thread 16710] [20.0] [cxt 0] Table 'tbl_main150': miss
[17:03:06.777] [bmv2] [D] [thread 16710] [20.0] [cxt 0] Action entry is main150 - 
[17:03:06.778] [bmv2] [T] [thread 16710] [20.0] [cxt 0] Action main150
[17:03:06.779] [bmv2] [T] [thread 16710] [20.0] [cxt 0] /vagrant/lab3/sml-eth/p4/main.p4(150) Primitive counter_reg.read(meta.current_count, 0)
[17:03:06.780] [bmv2] [T] [thread 16710] [20.0] [cxt 0] Read register 'TheIngress.counter_reg' at index 0 read value 1
[17:03:06.780] [bmv2] [T] [thread 16710] [20.0] [cxt 0] Applying table 'TheIngress.aggregation_table'
[17:03:06.781] [bmv2] [D] [thread 16710] [20.0] [cxt 0] Looking up key:
* meta.current_count  : 00000001

[17:03:06.782] [bmv2] [D] [thread 16710] [20.0] [cxt 0] Table 'TheIngress.aggregation_table': hit with handle 0
[17:03:06.782] [bmv2] [D] [thread 16710] [20.0] [cxt 0] Dumping entry 0
Match key:
* meta.current_count  : EXACT     00000001
Action entry: TheIngress.broadcast_and_reset - 

[17:03:06.783] [bmv2] [D] [thread 16710] [20.0] [cxt 0] Action entry is TheIngress.broadcast_and_reset - 
[17:03:06.783] [bmv2] [T] [thread 16710] [20.0] [cxt 0] Action TheIngress.broadcast_and_reset
[17:03:06.784] [bmv2] [T] [thread 16710] [20.0] [cxt 0] /vagrant/lab3/sml-eth/p4/main.p4(109) Primitive aggregation_reg.read(tmp, 0)
[17:03:06.784] [bmv2] [T] [thread 16710] [20.0] [cxt 0] Read register 'TheIngress.aggregation_reg' at index 0 read value 33023
[17:03:06.785] [bmv2] [T] [thread 16710] [20.0] [cxt 0] /vagrant/lab3/sml-eth/p4/main.p4(110) Primitive tmp + hdr.sml.payload0
[17:03:06.786] [bmv2] [T] [thread 16710] [20.0] [cxt 0] /vagrant/lab3/sml-eth/p4/main.p4(110) Primitive aggregation_reg.write(0, tmp + hdr.sml.payload0)
[17:03:06.787] [bmv2] [T] [thread 16710] [20.0] [cxt 0] Wrote register 'TheIngress.aggregation_reg' at index 0 with value 88478
[17:03:06.788] [bmv2] [T] [thread 16710] [20.0] [cxt 0] /vagrant/lab3/sml-eth/p4/main.p4(111) Primitive aggregation_reg.read(tmp, 1)
[17:03:06.788] [bmv2] [T] [thread 16710] [20.0] [cxt 0] Read register 'TheIngress.aggregation_reg' at index 1 read value 47068
[17:03:06.789] [bmv2] [T] [thread 16710] [20.0] [cxt 0] /vagrant/lab3/sml-eth/p4/main.p4(112) Primitive tmp + hdr.sml.payload1
[17:03:06.790] [bmv2] [T] [thread 16710] [20.0] [cxt 0] /vagrant/lab3/sml-eth/p4/main.p4(112) Primitive aggregation_reg.write(1, tmp + hdr.sml.payload1)
[17:03:06.791] [bmv2] [T] [thread 16710] [20.0] [cxt 0] Wrote register 'TheIngress.aggregation_reg' at index 1 with value 75111
[17:03:06.791] [bmv2] [T] [thread 16710] [20.0] [cxt 0] /vagrant/lab3/sml-eth/p4/main.p4(113) Primitive aggregation_reg.read(tmp, 2)
[17:03:06.792] [bmv2] [T] [thread 16710] [20.0] [cxt 0] Read register 'TheIngress.aggregation_reg' at index 2 read value 56859
[17:03:06.793] [bmv2] [T] [thread 16710] [20.0] [cxt 0] /vagrant/lab3/sml-eth/p4/main.p4(114) Primitive tmp + hdr.sml.payload2
[17:03:06.793] [bmv2] [T] [thread 16710] [20.0] [cxt 0] /vagrant/lab3/sml-eth/p4/main.p4(114) Primitive aggregation_reg.write(2, tmp + hdr.sml.payload2)
[17:03:06.794] [bmv2] [T] [thread 16710] [20.0] [cxt 0] Wrote register 'TheIngress.aggregation_reg' at index 2 with value 118899
[17:03:06.795] [bmv2] [T] [thread 16710] [20.0] [cxt 0] /vagrant/lab3/sml-eth/p4/main.p4(115) Primitive aggregation_reg.read(tmp, 3)
[17:03:06.796] [bmv2] [T] [thread 16710] [20.0] [cxt 0] Read register 'TheIngress.aggregation_reg' at index 3 read value 23617
[17:03:06.797] [bmv2] [T] [thread 16710] [20.0] [cxt 0] /vagrant/lab3/sml-eth/p4/main.p4(116) Primitive tmp + hdr.sml.payload3
[17:03:06.797] [bmv2] [T] [thread 16710] [20.0] [cxt 0] /vagrant/lab3/sml-eth/p4/main.p4(116) Primitive aggregation_reg.write(3, tmp + hdr.sml.payload3)
[17:03:06.798] [bmv2] [T] [thread 16710] [20.0] [cxt 0] Wrote register 'TheIngress.aggregation_reg' at index 3 with value 60133
[17:03:06.798] [bmv2] [T] [thread 16710] [20.0] [cxt 0] /vagrant/lab3/sml-eth/p4/main.p4(118) Primitive aggregation_reg.read(hdr.sml.payload0, 0)
[17:03:06.799] [bmv2] [T] [thread 16710] [20.0] [cxt 0] Read register 'TheIngress.aggregation_reg' at index 0 read value 88478
[17:03:06.800] [bmv2] [T] [thread 16710] [20.0] [cxt 0] /vagrant/lab3/sml-eth/p4/main.p4(119) Primitive aggregation_reg.read(hdr.sml.payload1, 1)
[17:03:06.800] [bmv2] [T] [thread 16710] [20.0] [cxt 0] Read register 'TheIngress.aggregation_reg' at index 1 read value 75111
[17:03:06.800] [bmv2] [T] [thread 16710] [20.0] [cxt 0] /vagrant/lab3/sml-eth/p4/main.p4(120) Primitive aggregation_reg.read(hdr.sml.payload2, 2)
[17:03:06.801] [bmv2] [T] [thread 16710] [20.0] [cxt 0] Read register 'TheIngress.aggregation_reg' at index 2 read value 118899
[17:03:06.802] [bmv2] [T] [thread 16710] [20.0] [cxt 0] /vagrant/lab3/sml-eth/p4/main.p4(121) Primitive aggregation_reg.read(hdr.sml.payload3, 3)
[17:03:06.802] [bmv2] [T] [thread 16710] [20.0] [cxt 0] Read register 'TheIngress.aggregation_reg' at index 3 read value 60133
[17:03:06.803] [bmv2] [T] [thread 16710] [20.0] [cxt 0] /vagrant/lab3/sml-eth/p4/main.p4(123) Primitive counter_reg.write(0, 0)
[17:03:06.803] [bmv2] [T] [thread 16710] [20.0] [cxt 0] Wrote register 'TheIngress.counter_reg' at index 0 with value 0
[17:03:06.804] [bmv2] [T] [thread 16710] [20.0] [cxt 0] /vagrant/lab3/sml-eth/p4/main.p4(124) Primitive aggregation_reg.write(0, 0)
[17:03:06.804] [bmv2] [T] [thread 16710] [20.0] [cxt 0] Wrote register 'TheIngress.aggregation_reg' at index 0 with value 0
[17:03:06.805] [bmv2] [T] [thread 16710] [20.0] [cxt 0] /vagrant/lab3/sml-eth/p4/main.p4(125) Primitive aggregation_reg.write(1, 0)
[17:03:06.806] [bmv2] [T] [thread 16710] [20.0] [cxt 0] Wrote register 'TheIngress.aggregation_reg' at index 1 with value 0
[17:03:06.806] [bmv2] [T] [thread 16710] [20.0] [cxt 0] /vagrant/lab3/sml-eth/p4/main.p4(126) Primitive aggregation_reg.write(2, 0)
[17:03:06.807] [bmv2] [T] [thread 16710] [20.0] [cxt 0] Wrote register 'TheIngress.aggregation_reg' at index 2 with value 0
[17:03:06.807] [bmv2] [T] [thread 16710] [20.0] [cxt 0] /vagrant/lab3/sml-eth/p4/main.p4(127) Primitive aggregation_reg.write(3, 0)
[17:03:06.808] [bmv2] [T] [thread 16710] [20.0] [cxt 0] Wrote register 'TheIngress.aggregation_reg' at index 3 with value 0
[17:03:06.808] [bmv2] [T] [thread 16710] [20.0] [cxt 0] /vagrant/lab3/sml-eth/p4/main.p4(21) Primitive 0x0000000000FF; ...
[17:03:06.809] [bmv2] [T] [thread 16710] [20.0] [cxt 0] /vagrant/lab3/sml-eth/p4/main.p4(129) Primitive standard_metadata.mcast_grp = 1
[17:03:06.810] [bmv2] [D] [thread 16710] [20.0] [cxt 0] Pipeline 'ingress': end
[17:03:06.811] [bmv2] [D] [thread 16710] [20.0] [cxt 0] Multicast requested for packet
[17:03:06.811] [bmv2] [D] [thread 16710] number of packets replicated : 2
[17:03:06.812] [bmv2] [D] [thread 16710] [20.0] [cxt 0] Replicating packet on port 1
[17:03:06.812] [bmv2] [D] [thread 16710] [20.0] [cxt 0] Replicating packet on port 0
[17:03:06.813] [bmv2] [D] [thread 16712] [20.1] [cxt 0] Pipeline 'egress': start
[17:03:06.813] [bmv2] [D] [thread 16712] [20.1] [cxt 0] Pipeline 'egress': end
[17:03:06.814] [bmv2] [D] [thread 16712] [20.1] [cxt 0] Deparser 'deparser': start
[17:03:06.815] [bmv2] [D] [thread 16712] [20.1] [cxt 0] Deparsing header 'eth'
[17:03:06.816] [bmv2] [D] [thread 16712] [20.1] [cxt 0] Deparsing header 'sml'
[17:03:06.817] [bmv2] [D] [thread 16712] [20.1] [cxt 0] Deparser 'deparser': end
[17:03:06.814] [bmv2] [D] [thread 16711] [20.2] [cxt 0] Pipeline 'egress': start
[17:03:06.818] [bmv2] [D] [thread 16711] [20.2] [cxt 0] Pipeline 'egress': end
[17:03:06.819] [bmv2] [D] [thread 16711] [20.2] [cxt 0] Deparser 'deparser': start
[17:03:06.820] [bmv2] [D] [thread 16711] [20.2] [cxt 0] Deparsing header 'eth'
[17:03:06.820] [bmv2] [D] [thread 16711] [20.2] [cxt 0] Deparsing header 'sml'
[17:03:06.821] [bmv2] [D] [thread 16711] [20.2] [cxt 0] Deparser 'deparser': end
[17:03:06.818] [bmv2] [D] [thread 16715] [20.1] [cxt 0] Transmitting packet of size 34 out of port 1
[17:03:06.823] [bmv2] [D] [thread 16715] [20.2] [cxt 0] Transmitting packet of size 34 out of port 0
[17:03:07.032] [bmv2] [D] [thread 16710] [21.0] [cxt 0] Processing packet received on port 1
[17:03:07.033] [bmv2] [D] [thread 16710] [21.0] [cxt 0] Parser 'parser': start
[17:03:07.034] [bmv2] [D] [thread 16710] [21.0] [cxt 0] Parser 'parser' entering state 'start'
[17:03:07.034] [bmv2] [D] [thread 16710] [21.0] [cxt 0] Extracting header 'eth'
[17:03:07.035] [bmv2] [D] [thread 16710] [21.0] [cxt 0] Parser state 'start': key is 88b5
[17:03:07.036] [bmv2] [T] [thread 16710] [21.0] [cxt 0] Bytes parsed: 14
[17:03:07.036] [bmv2] [D] [thread 16710] [21.0] [cxt 0] Parser 'parser' entering state 'parse_switchml'
[17:03:07.037] [bmv2] [D] [thread 16710] [21.0] [cxt 0] Extracting header 'sml'
[17:03:07.038] [bmv2] [D] [thread 16710] [21.0] [cxt 0] Parser state 'parse_switchml' has no switch, going to default next state
[17:03:07.038] [bmv2] [T] [thread 16710] [21.0] [cxt 0] Bytes parsed: 34
[17:03:07.039] [bmv2] [D] [thread 16710] [21.0] [cxt 0] Parser 'parser': end
[17:03:07.040] [bmv2] [D] [thread 16710] [21.0] [cxt 0] Pipeline 'ingress': start
[17:03:07.040] [bmv2] [T] [thread 16710] [21.0] [cxt 0] /vagrant/lab3/sml-eth/p4/main.p4(148) Condition "hdr.sml.isValid()" (node_2) is true
[17:03:07.042] [bmv2] [T] [thread 16710] [21.0] [cxt 0] Applying table 'tbl_main150'
[17:03:07.042] [bmv2] [D] [thread 16710] [21.0] [cxt 0] Looking up key:

[17:03:07.043] [bmv2] [D] [thread 16710] [21.0] [cxt 0] Table 'tbl_main150': miss
[17:03:07.043] [bmv2] [D] [thread 16710] [21.0] [cxt 0] Action entry is main150 - 
[17:03:07.044] [bmv2] [T] [thread 16710] [21.0] [cxt 0] Action main150
[17:03:07.045] [bmv2] [T] [thread 16710] [21.0] [cxt 0] /vagrant/lab3/sml-eth/p4/main.p4(150) Primitive counter_reg.read(meta.current_count, 0)
[17:03:07.046] [bmv2] [T] [thread 16710] [21.0] [cxt 0] Read register 'TheIngress.counter_reg' at index 0 read value 0
[17:03:07.046] [bmv2] [T] [thread 16710] [21.0] [cxt 0] Applying table 'TheIngress.aggregation_table'
[17:03:07.047] [bmv2] [D] [thread 16710] [21.0] [cxt 0] Looking up key:
* meta.current_count  : 00000000

[17:03:07.047] [bmv2] [D] [thread 16710] [21.0] [cxt 0] Table 'TheIngress.aggregation_table': miss
[17:03:07.048] [bmv2] [D] [thread 16710] [21.0] [cxt 0] Action entry is TheIngress.aggregate_and_increment - 
[17:03:07.048] [bmv2] [T] [thread 16710] [21.0] [cxt 0] Action TheIngress.aggregate_and_increment
[17:03:07.049] [bmv2] [T] [thread 16710] [21.0] [cxt 0] /vagrant/lab3/sml-eth/p4/main.p4(93) Primitive aggregation_reg.read(current_val, 0)
[17:03:07.050] [bmv2] [T] [thread 16710] [21.0] [cxt 0] Read register 'TheIngress.aggregation_reg' at index 0 read value 0
[17:03:07.050] [bmv2] [T] [thread 16710] [21.0] [cxt 0] /vagrant/lab3/sml-eth/p4/main.p4(94) Primitive current_val + hdr.sml.payload0
[17:03:07.051] [bmv2] [T] [thread 16710] [21.0] [cxt 0] /vagrant/lab3/sml-eth/p4/main.p4(94) Primitive aggregation_reg.write(0, current_val + hdr.sml.payload0)
[17:03:07.051] [bmv2] [T] [thread 16710] [21.0] [cxt 0] Wrote register 'TheIngress.aggregation_reg' at index 0 with value 57942
[17:03:07.052] [bmv2] [T] [thread 16710] [21.0] [cxt 0] /vagrant/lab3/sml-eth/p4/main.p4(95) Primitive aggregation_reg.read(current_val, 1)
[17:03:07.052] [bmv2] [T] [thread 16710] [21.0] [cxt 0] Read register 'TheIngress.aggregation_reg' at index 1 read value 0
[17:03:07.053] [bmv2] [T] [thread 16710] [21.0] [cxt 0] /vagrant/lab3/sml-eth/p4/main.p4(96) Primitive current_val + hdr.sml.payload1
[17:03:07.054] [bmv2] [T] [thread 16710] [21.0] [cxt 0] /vagrant/lab3/sml-eth/p4/main.p4(96) Primitive aggregation_reg.write(1, current_val + hdr.sml.payload1)
[17:03:07.054] [bmv2] [T] [thread 16710] [21.0] [cxt 0] Wrote register 'TheIngress.aggregation_reg' at index 1 with value 35251
[17:03:07.055] [bmv2] [T] [thread 16710] [21.0] [cxt 0] /vagrant/lab3/sml-eth/p4/main.p4(97) Primitive aggregation_reg.read(current_val, 2)
[17:03:07.055] [bmv2] [T] [thread 16710] [21.0] [cxt 0] Read register 'TheIngress.aggregation_reg' at index 2 read value 0
[17:03:07.056] [bmv2] [T] [thread 16710] [21.0] [cxt 0] /vagrant/lab3/sml-eth/p4/main.p4(98) Primitive current_val + hdr.sml.payload2
[17:03:07.057] [bmv2] [T] [thread 16710] [21.0] [cxt 0] /vagrant/lab3/sml-eth/p4/main.p4(98) Primitive aggregation_reg.write(2, current_val + hdr.sml.payload2)
[17:03:07.058] [bmv2] [T] [thread 16710] [21.0] [cxt 0] Wrote register 'TheIngress.aggregation_reg' at index 2 with value 48011
[17:03:07.058] [bmv2] [T] [thread 16710] [21.0] [cxt 0] /vagrant/lab3/sml-eth/p4/main.p4(99) Primitive aggregation_reg.read(current_val, 3)
[17:03:07.059] [bmv2] [T] [thread 16710] [21.0] [cxt 0] Read register 'TheIngress.aggregation_reg' at index 3 read value 0
[17:03:07.059] [bmv2] [T] [thread 16710] [21.0] [cxt 0] /vagrant/lab3/sml-eth/p4/main.p4(100) Primitive current_val + hdr.sml.payload3
[17:03:07.060] [bmv2] [T] [thread 16710] [21.0] [cxt 0] /vagrant/lab3/sml-eth/p4/main.p4(100) Primitive aggregation_reg.write(3, current_val + hdr.sml.payload3)
[17:03:07.061] [bmv2] [T] [thread 16710] [21.0] [cxt 0] Wrote register 'TheIngress.aggregation_reg' at index 3 with value 60803
[17:03:07.062] [bmv2] [T] [thread 16710] [21.0] [cxt 0] /vagrant/lab3/sml-eth/p4/main.p4(101) Primitive meta.current_count + 1
[17:03:07.062] [bmv2] [T] [thread 16710] [21.0] [cxt 0] /vagrant/lab3/sml-eth/p4/main.p4(101) Primitive counter_reg.write(0, meta.current_count + 1)
[17:03:07.063] [bmv2] [T] [thread 16710] [21.0] [cxt 0] Wrote register 'TheIngress.counter_reg' at index 0 with value 1
[17:03:07.064] [bmv2] [T] [thread 16710] [21.0] [cxt 0] /vagrant/lab3/sml-eth/p4/main.p4(103) Primitive mark_to_drop(standard_metadata)
[17:03:07.064] [bmv2] [D] [thread 16710] [21.0] [cxt 0] Pipeline 'ingress': end
[17:03:07.065] [bmv2] [D] [thread 16710] [21.0] [cxt 0] Egress port is 511
[17:03:07.066] [bmv2] [D] [thread 16710] [21.0] [cxt 0] Dropping packet at the end of ingress
[17:03:07.066] [bmv2] [D] [thread 16710] [22.0] [cxt 0] Processing packet received on port 0
[17:03:07.067] [bmv2] [D] [thread 16710] [22.0] [cxt 0] Parser 'parser': start
[17:03:07.068] [bmv2] [D] [thread 16710] [22.0] [cxt 0] Parser 'parser' entering state 'start'
[17:03:07.068] [bmv2] [D] [thread 16710] [22.0] [cxt 0] Extracting header 'eth'
[17:03:07.069] [bmv2] [D] [thread 16710] [22.0] [cxt 0] Parser state 'start': key is 88b5
[17:03:07.070] [bmv2] [T] [thread 16710] [22.0] [cxt 0] Bytes parsed: 14
[17:03:07.070] [bmv2] [D] [thread 16710] [22.0] [cxt 0] Parser 'parser' entering state 'parse_switchml'
[17:03:07.071] [bmv2] [D] [thread 16710] [22.0] [cxt 0] Extracting header 'sml'
[17:03:07.072] [bmv2] [D] [thread 16710] [22.0] [cxt 0] Parser state 'parse_switchml' has no switch, going to default next state
[17:03:07.072] [bmv2] [T] [thread 16710] [22.0] [cxt 0] Bytes parsed: 34
[17:03:07.073] [bmv2] [D] [thread 16710] [22.0] [cxt 0] Parser 'parser': end
[17:03:07.074] [bmv2] [D] [thread 16710] [22.0] [cxt 0] Pipeline 'ingress': start
[17:03:07.075] [bmv2] [T] [thread 16710] [22.0] [cxt 0] /vagrant/lab3/sml-eth/p4/main.p4(148) Condition "hdr.sml.isValid()" (node_2) is true
[17:03:07.075] [bmv2] [T] [thread 16710] [22.0] [cxt 0] Applying table 'tbl_main150'
[17:03:07.076] [bmv2] [D] [thread 16710] [22.0] [cxt 0] Looking up key:

[17:03:07.077] [bmv2] [D] [thread 16710] [22.0] [cxt 0] Table 'tbl_main150': miss
[17:03:07.078] [bmv2] [D] [thread 16710] [22.0] [cxt 0] Action entry is main150 - 
[17:03:07.079] [bmv2] [T] [thread 16710] [22.0] [cxt 0] Action main150
[17:03:07.079] [bmv2] [T] [thread 16710] [22.0] [cxt 0] /vagrant/lab3/sml-eth/p4/main.p4(150) Primitive counter_reg.read(meta.current_count, 0)
[17:03:07.080] [bmv2] [T] [thread 16710] [22.0] [cxt 0] Read register 'TheIngress.counter_reg' at index 0 read value 1
[17:03:07.081] [bmv2] [T] [thread 16710] [22.0] [cxt 0] Applying table 'TheIngress.aggregation_table'
[17:03:07.081] [bmv2] [D] [thread 16710] [22.0] [cxt 0] Looking up key:
* meta.current_count  : 00000001

[17:03:07.082] [bmv2] [D] [thread 16710] [22.0] [cxt 0] Table 'TheIngress.aggregation_table': hit with handle 0
[17:03:07.082] [bmv2] [D] [thread 16710] [22.0] [cxt 0] Dumping entry 0
Match key:
* meta.current_count  : EXACT     00000001
Action entry: TheIngress.broadcast_and_reset - 

[17:03:07.083] [bmv2] [D] [thread 16710] [22.0] [cxt 0] Action entry is TheIngress.broadcast_and_reset - 
[17:03:07.083] [bmv2] [T] [thread 16710] [22.0] [cxt 0] Action TheIngress.broadcast_and_reset
[17:03:07.084] [bmv2] [T] [thread 16710] [22.0] [cxt 0] /vagrant/lab3/sml-eth/p4/main.p4(109) Primitive aggregation_reg.read(tmp, 0)
[17:03:07.084] [bmv2] [T] [thread 16710] [22.0] [cxt 0] Read register 'TheIngress.aggregation_reg' at index 0 read value 57942
[17:03:07.085] [bmv2] [T] [thread 16710] [22.0] [cxt 0] /vagrant/lab3/sml-eth/p4/main.p4(110) Primitive tmp + hdr.sml.payload0
[17:03:07.086] [bmv2] [T] [thread 16710] [22.0] [cxt 0] /vagrant/lab3/sml-eth/p4/main.p4(110) Primitive aggregation_reg.write(0, tmp + hdr.sml.payload0)
[17:03:07.086] [bmv2] [T] [thread 16710] [22.0] [cxt 0] Wrote register 'TheIngress.aggregation_reg' at index 0 with value 75985
[17:03:07.087] [bmv2] [T] [thread 16710] [22.0] [cxt 0] /vagrant/lab3/sml-eth/p4/main.p4(111) Primitive aggregation_reg.read(tmp, 1)
[17:03:07.088] [bmv2] [T] [thread 16710] [22.0] [cxt 0] Read register 'TheIngress.aggregation_reg' at index 1 read value 35251
[17:03:07.088] [bmv2] [T] [thread 16710] [22.0] [cxt 0] /vagrant/lab3/sml-eth/p4/main.p4(112) Primitive tmp + hdr.sml.payload1
[17:03:07.089] [bmv2] [T] [thread 16710] [22.0] [cxt 0] /vagrant/lab3/sml-eth/p4/main.p4(112) Primitive aggregation_reg.write(1, tmp + hdr.sml.payload1)
[17:03:07.090] [bmv2] [T] [thread 16710] [22.0] [cxt 0] Wrote register 'TheIngress.aggregation_reg' at index 1 with value 65857
[17:03:07.090] [bmv2] [T] [thread 16710] [22.0] [cxt 0] /vagrant/lab3/sml-eth/p4/main.p4(113) Primitive aggregation_reg.read(tmp, 2)
[17:03:07.091] [bmv2] [T] [thread 16710] [22.0] [cxt 0] Read register 'TheIngress.aggregation_reg' at index 2 read value 48011
[17:03:07.091] [bmv2] [T] [thread 16710] [22.0] [cxt 0] /vagrant/lab3/sml-eth/p4/main.p4(114) Primitive tmp + hdr.sml.payload2
[17:03:07.092] [bmv2] [T] [thread 16710] [22.0] [cxt 0] /vagrant/lab3/sml-eth/p4/main.p4(114) Primitive aggregation_reg.write(2, tmp + hdr.sml.payload2)
[17:03:07.093] [bmv2] [T] [thread 16710] [22.0] [cxt 0] Wrote register 'TheIngress.aggregation_reg' at index 2 with value 67943
[17:03:07.093] [bmv2] [T] [thread 16710] [22.0] [cxt 0] /vagrant/lab3/sml-eth/p4/main.p4(115) Primitive aggregation_reg.read(tmp, 3)
[17:03:07.094] [bmv2] [T] [thread 16710] [22.0] [cxt 0] Read register 'TheIngress.aggregation_reg' at index 3 read value 60803
[17:03:07.094] [bmv2] [T] [thread 16710] [22.0] [cxt 0] /vagrant/lab3/sml-eth/p4/main.p4(116) Primitive tmp + hdr.sml.payload3
[17:03:07.095] [bmv2] [T] [thread 16710] [22.0] [cxt 0] /vagrant/lab3/sml-eth/p4/main.p4(116) Primitive aggregation_reg.write(3, tmp + hdr.sml.payload3)
[17:03:07.096] [bmv2] [T] [thread 16710] [22.0] [cxt 0] Wrote register 'TheIngress.aggregation_reg' at index 3 with value 113674
[17:03:07.096] [bmv2] [T] [thread 16710] [22.0] [cxt 0] /vagrant/lab3/sml-eth/p4/main.p4(118) Primitive aggregation_reg.read(hdr.sml.payload0, 0)
[17:03:07.097] [bmv2] [T] [thread 16710] [22.0] [cxt 0] Read register 'TheIngress.aggregation_reg' at index 0 read value 75985
[17:03:07.097] [bmv2] [T] [thread 16710] [22.0] [cxt 0] /vagrant/lab3/sml-eth/p4/main.p4(119) Primitive aggregation_reg.read(hdr.sml.payload1, 1)
[17:03:07.098] [bmv2] [T] [thread 16710] [22.0] [cxt 0] Read register 'TheIngress.aggregation_reg' at index 1 read value 65857
[17:03:07.098] [bmv2] [T] [thread 16710] [22.0] [cxt 0] /vagrant/lab3/sml-eth/p4/main.p4(120) Primitive aggregation_reg.read(hdr.sml.payload2, 2)
[17:03:07.099] [bmv2] [T] [thread 16710] [22.0] [cxt 0] Read register 'TheIngress.aggregation_reg' at index 2 read value 67943
[17:03:07.100] [bmv2] [T] [thread 16710] [22.0] [cxt 0] /vagrant/lab3/sml-eth/p4/main.p4(121) Primitive aggregation_reg.read(hdr.sml.payload3, 3)
[17:03:07.100] [bmv2] [T] [thread 16710] [22.0] [cxt 0] Read register 'TheIngress.aggregation_reg' at index 3 read value 113674
[17:03:07.101] [bmv2] [T] [thread 16710] [22.0] [cxt 0] /vagrant/lab3/sml-eth/p4/main.p4(123) Primitive counter_reg.write(0, 0)
[17:03:07.102] [bmv2] [T] [thread 16710] [22.0] [cxt 0] Wrote register 'TheIngress.counter_reg' at index 0 with value 0
[17:03:07.103] [bmv2] [T] [thread 16710] [22.0] [cxt 0] /vagrant/lab3/sml-eth/p4/main.p4(124) Primitive aggregation_reg.write(0, 0)
[17:03:07.103] [bmv2] [T] [thread 16710] [22.0] [cxt 0] Wrote register 'TheIngress.aggregation_reg' at index 0 with value 0
[17:03:07.104] [bmv2] [T] [thread 16710] [22.0] [cxt 0] /vagrant/lab3/sml-eth/p4/main.p4(125) Primitive aggregation_reg.write(1, 0)
[17:03:07.105] [bmv2] [T] [thread 16710] [22.0] [cxt 0] Wrote register 'TheIngress.aggregation_reg' at index 1 with value 0
[17:03:07.106] [bmv2] [T] [thread 16710] [22.0] [cxt 0] /vagrant/lab3/sml-eth/p4/main.p4(126) Primitive aggregation_reg.write(2, 0)
[17:03:07.106] [bmv2] [T] [thread 16710] [22.0] [cxt 0] Wrote register 'TheIngress.aggregation_reg' at index 2 with value 0
[17:03:07.107] [bmv2] [T] [thread 16710] [22.0] [cxt 0] /vagrant/lab3/sml-eth/p4/main.p4(127) Primitive aggregation_reg.write(3, 0)
[17:03:07.108] [bmv2] [T] [thread 16710] [22.0] [cxt 0] Wrote register 'TheIngress.aggregation_reg' at index 3 with value 0
[17:03:07.108] [bmv2] [T] [thread 16710] [22.0] [cxt 0] /vagrant/lab3/sml-eth/p4/main.p4(21) Primitive 0x0000000000FF; ...
[17:03:07.108] [bmv2] [T] [thread 16710] [22.0] [cxt 0] /vagrant/lab3/sml-eth/p4/main.p4(129) Primitive standard_metadata.mcast_grp = 1
[17:03:07.109] [bmv2] [D] [thread 16710] [22.0] [cxt 0] Pipeline 'ingress': end
[17:03:07.109] [bmv2] [D] [thread 16710] [22.0] [cxt 0] Multicast requested for packet
[17:03:07.110] [bmv2] [D] [thread 16710] number of packets replicated : 2
[17:03:07.110] [bmv2] [D] [thread 16710] [22.0] [cxt 0] Replicating packet on port 1
[17:03:07.111] [bmv2] [D] [thread 16710] [22.0] [cxt 0] Replicating packet on port 0
[17:03:07.112] [bmv2] [D] [thread 16712] [22.1] [cxt 0] Pipeline 'egress': start
[17:03:07.112] [bmv2] [D] [thread 16712] [22.1] [cxt 0] Pipeline 'egress': end
[17:03:07.112] [bmv2] [D] [thread 16711] [22.2] [cxt 0] Pipeline 'egress': start
[17:03:07.112] [bmv2] [D] [thread 16711] [22.2] [cxt 0] Pipeline 'egress': end
[17:03:07.113] [bmv2] [D] [thread 16711] [22.2] [cxt 0] Deparser 'deparser': start
[17:03:07.113] [bmv2] [D] [thread 16711] [22.2] [cxt 0] Deparsing header 'eth'
[17:03:07.113] [bmv2] [D] [thread 16711] [22.2] [cxt 0] Deparsing header 'sml'
[17:03:07.113] [bmv2] [D] [thread 16711] [22.2] [cxt 0] Deparser 'deparser': end
[17:03:07.112] [bmv2] [D] [thread 16712] [22.1] [cxt 0] Deparser 'deparser': start
[17:03:07.114] [bmv2] [D] [thread 16712] [22.1] [cxt 0] Deparsing header 'eth'
[17:03:07.114] [bmv2] [D] [thread 16712] [22.1] [cxt 0] Deparsing header 'sml'
[17:03:07.114] [bmv2] [D] [thread 16712] [22.1] [cxt 0] Deparser 'deparser': end
[17:03:07.114] [bmv2] [D] [thread 16715] [22.2] [cxt 0] Transmitting packet of size 34 out of port 0
[17:03:07.114] [bmv2] [D] [thread 16715] [22.1] [cxt 0] Transmitting packet of size 34 out of port 1
[17:03:07.316] [bmv2] [D] [thread 16710] [23.0] [cxt 0] Processing packet received on port 0
[17:03:07.317] [bmv2] [D] [thread 16710] [23.0] [cxt 0] Parser 'parser': start
[17:03:07.318] [bmv2] [D] [thread 16710] [23.0] [cxt 0] Parser 'parser' entering state 'start'
[17:03:07.318] [bmv2] [D] [thread 16710] [23.0] [cxt 0] Extracting header 'eth'
[17:03:07.319] [bmv2] [D] [thread 16710] [23.0] [cxt 0] Parser state 'start': key is 88b5
[17:03:07.319] [bmv2] [T] [thread 16710] [23.0] [cxt 0] Bytes parsed: 14
[17:03:07.320] [bmv2] [D] [thread 16710] [23.0] [cxt 0] Parser 'parser' entering state 'parse_switchml'
[17:03:07.321] [bmv2] [D] [thread 16710] [23.0] [cxt 0] Extracting header 'sml'
[17:03:07.321] [bmv2] [D] [thread 16710] [23.0] [cxt 0] Parser state 'parse_switchml' has no switch, going to default next state
[17:03:07.322] [bmv2] [T] [thread 16710] [23.0] [cxt 0] Bytes parsed: 34
[17:03:07.322] [bmv2] [D] [thread 16710] [23.0] [cxt 0] Parser 'parser': end
[17:03:07.323] [bmv2] [D] [thread 16710] [23.0] [cxt 0] Pipeline 'ingress': start
[17:03:07.323] [bmv2] [T] [thread 16710] [23.0] [cxt 0] /vagrant/lab3/sml-eth/p4/main.p4(148) Condition "hdr.sml.isValid()" (node_2) is true
[17:03:07.324] [bmv2] [T] [thread 16710] [23.0] [cxt 0] Applying table 'tbl_main150'
[17:03:07.325] [bmv2] [D] [thread 16710] [23.0] [cxt 0] Looking up key:

[17:03:07.325] [bmv2] [D] [thread 16710] [23.0] [cxt 0] Table 'tbl_main150': miss
[17:03:07.326] [bmv2] [D] [thread 16710] [23.0] [cxt 0] Action entry is main150 - 
[17:03:07.326] [bmv2] [T] [thread 16710] [23.0] [cxt 0] Action main150
[17:03:07.327] [bmv2] [T] [thread 16710] [23.0] [cxt 0] /vagrant/lab3/sml-eth/p4/main.p4(150) Primitive counter_reg.read(meta.current_count, 0)
[17:03:07.327] [bmv2] [T] [thread 16710] [23.0] [cxt 0] Read register 'TheIngress.counter_reg' at index 0 read value 0
[17:03:07.328] [bmv2] [T] [thread 16710] [23.0] [cxt 0] Applying table 'TheIngress.aggregation_table'
[17:03:07.328] [bmv2] [D] [thread 16710] [23.0] [cxt 0] Looking up key:
* meta.current_count  : 00000000

[17:03:07.329] [bmv2] [D] [thread 16710] [23.0] [cxt 0] Table 'TheIngress.aggregation_table': miss
[17:03:07.330] [bmv2] [D] [thread 16710] [23.0] [cxt 0] Action entry is TheIngress.aggregate_and_increment - 
[17:03:07.330] [bmv2] [T] [thread 16710] [23.0] [cxt 0] Action TheIngress.aggregate_and_increment
[17:03:07.331] [bmv2] [T] [thread 16710] [23.0] [cxt 0] /vagrant/lab3/sml-eth/p4/main.p4(93) Primitive aggregation_reg.read(current_val, 0)
[17:03:07.332] [bmv2] [T] [thread 16710] [23.0] [cxt 0] Read register 'TheIngress.aggregation_reg' at index 0 read value 0
[17:03:07.333] [bmv2] [T] [thread 16710] [23.0] [cxt 0] /vagrant/lab3/sml-eth/p4/main.p4(94) Primitive current_val + hdr.sml.payload0
[17:03:07.334] [bmv2] [T] [thread 16710] [23.0] [cxt 0] /vagrant/lab3/sml-eth/p4/main.p4(94) Primitive aggregation_reg.write(0, current_val + hdr.sml.payload0)
[17:03:07.334] [bmv2] [T] [thread 16710] [23.0] [cxt 0] Wrote register 'TheIngress.aggregation_reg' at index 0 with value 55674
[17:03:07.335] [bmv2] [T] [thread 16710] [23.0] [cxt 0] /vagrant/lab3/sml-eth/p4/main.p4(95) Primitive aggregation_reg.read(current_val, 1)
[17:03:07.336] [bmv2] [T] [thread 16710] [23.0] [cxt 0] Read register 'TheIngress.aggregation_reg' at index 1 read value 0
[17:03:07.337] [bmv2] [T] [thread 16710] [23.0] [cxt 0] /vagrant/lab3/sml-eth/p4/main.p4(96) Primitive current_val + hdr.sml.payload1
[17:03:07.338] [bmv2] [T] [thread 16710] [23.0] [cxt 0] /vagrant/lab3/sml-eth/p4/main.p4(96) Primitive aggregation_reg.write(1, current_val + hdr.sml.payload1)
[17:03:07.339] [bmv2] [T] [thread 16710] [23.0] [cxt 0] Wrote register 'TheIngress.aggregation_reg' at index 1 with value 679
[17:03:07.339] [bmv2] [T] [thread 16710] [23.0] [cxt 0] /vagrant/lab3/sml-eth/p4/main.p4(97) Primitive aggregation_reg.read(current_val, 2)
[17:03:07.340] [bmv2] [T] [thread 16710] [23.0] [cxt 0] Read register 'TheIngress.aggregation_reg' at index 2 read value 0
[17:03:07.340] [bmv2] [T] [thread 16710] [23.0] [cxt 0] /vagrant/lab3/sml-eth/p4/main.p4(98) Primitive current_val + hdr.sml.payload2
[17:03:07.341] [bmv2] [T] [thread 16710] [23.0] [cxt 0] /vagrant/lab3/sml-eth/p4/main.p4(98) Primitive aggregation_reg.write(2, current_val + hdr.sml.payload2)
[17:03:07.342] [bmv2] [T] [thread 16710] [23.0] [cxt 0] Wrote register 'TheIngress.aggregation_reg' at index 2 with value 37131
[17:03:07.342] [bmv2] [T] [thread 16710] [23.0] [cxt 0] /vagrant/lab3/sml-eth/p4/main.p4(99) Primitive aggregation_reg.read(current_val, 3)
[17:03:07.342] [bmv2] [T] [thread 16710] [23.0] [cxt 0] Read register 'TheIngress.aggregation_reg' at index 3 read value 0
[17:03:07.343] [bmv2] [T] [thread 16710] [23.0] [cxt 0] /vagrant/lab3/sml-eth/p4/main.p4(100) Primitive current_val + hdr.sml.payload3
[17:03:07.343] [bmv2] [T] [thread 16710] [23.0] [cxt 0] /vagrant/lab3/sml-eth/p4/main.p4(100) Primitive aggregation_reg.write(3, current_val + hdr.sml.payload3)
[17:03:07.344] [bmv2] [T] [thread 16710] [23.0] [cxt 0] Wrote register 'TheIngress.aggregation_reg' at index 3 with value 59643
[17:03:07.344] [bmv2] [T] [thread 16710] [23.0] [cxt 0] /vagrant/lab3/sml-eth/p4/main.p4(101) Primitive meta.current_count + 1
[17:03:07.345] [bmv2] [T] [thread 16710] [23.0] [cxt 0] /vagrant/lab3/sml-eth/p4/main.p4(101) Primitive counter_reg.write(0, meta.current_count + 1)
[17:03:07.346] [bmv2] [T] [thread 16710] [23.0] [cxt 0] Wrote register 'TheIngress.counter_reg' at index 0 with value 1
[17:03:07.346] [bmv2] [T] [thread 16710] [23.0] [cxt 0] /vagrant/lab3/sml-eth/p4/main.p4(103) Primitive mark_to_drop(standard_metadata)
[17:03:07.347] [bmv2] [D] [thread 16710] [23.0] [cxt 0] Pipeline 'ingress': end
[17:03:07.347] [bmv2] [D] [thread 16710] [23.0] [cxt 0] Egress port is 511
[17:03:07.348] [bmv2] [D] [thread 16710] [23.0] [cxt 0] Dropping packet at the end of ingress
[17:03:07.348] [bmv2] [D] [thread 16710] [24.0] [cxt 0] Processing packet received on port 1
[17:03:07.349] [bmv2] [D] [thread 16710] [24.0] [cxt 0] Parser 'parser': start
[17:03:07.349] [bmv2] [D] [thread 16710] [24.0] [cxt 0] Parser 'parser' entering state 'start'
[17:03:07.350] [bmv2] [D] [thread 16710] [24.0] [cxt 0] Extracting header 'eth'
[17:03:07.350] [bmv2] [D] [thread 16710] [24.0] [cxt 0] Parser state 'start': key is 88b5
[17:03:07.351] [bmv2] [T] [thread 16710] [24.0] [cxt 0] Bytes parsed: 14
[17:03:07.351] [bmv2] [D] [thread 16710] [24.0] [cxt 0] Parser 'parser' entering state 'parse_switchml'
[17:03:07.352] [bmv2] [D] [thread 16710] [24.0] [cxt 0] Extracting header 'sml'
[17:03:07.352] [bmv2] [D] [thread 16710] [24.0] [cxt 0] Parser state 'parse_switchml' has no switch, going to default next state
[17:03:07.353] [bmv2] [T] [thread 16710] [24.0] [cxt 0] Bytes parsed: 34
[17:03:07.354] [bmv2] [D] [thread 16710] [24.0] [cxt 0] Parser 'parser': end
[17:03:07.354] [bmv2] [D] [thread 16710] [24.0] [cxt 0] Pipeline 'ingress': start
[17:03:07.355] [bmv2] [T] [thread 16710] [24.0] [cxt 0] /vagrant/lab3/sml-eth/p4/main.p4(148) Condition "hdr.sml.isValid()" (node_2) is true
[17:03:07.355] [bmv2] [T] [thread 16710] [24.0] [cxt 0] Applying table 'tbl_main150'
[17:03:07.356] [bmv2] [D] [thread 16710] [24.0] [cxt 0] Looking up key:

[17:03:07.356] [bmv2] [D] [thread 16710] [24.0] [cxt 0] Table 'tbl_main150': miss
[17:03:07.356] [bmv2] [D] [thread 16710] [24.0] [cxt 0] Action entry is main150 - 
[17:03:07.357] [bmv2] [T] [thread 16710] [24.0] [cxt 0] Action main150
[17:03:07.357] [bmv2] [T] [thread 16710] [24.0] [cxt 0] /vagrant/lab3/sml-eth/p4/main.p4(150) Primitive counter_reg.read(meta.current_count, 0)
[17:03:07.358] [bmv2] [T] [thread 16710] [24.0] [cxt 0] Read register 'TheIngress.counter_reg' at index 0 read value 1
[17:03:07.358] [bmv2] [T] [thread 16710] [24.0] [cxt 0] Applying table 'TheIngress.aggregation_table'
[17:03:07.359] [bmv2] [D] [thread 16710] [24.0] [cxt 0] Looking up key:
* meta.current_count  : 00000001

[17:03:07.359] [bmv2] [D] [thread 16710] [24.0] [cxt 0] Table 'TheIngress.aggregation_table': hit with handle 0
[17:03:07.360] [bmv2] [D] [thread 16710] [24.0] [cxt 0] Dumping entry 0
Match key:
* meta.current_count  : EXACT     00000001
Action entry: TheIngress.broadcast_and_reset - 

[17:03:07.360] [bmv2] [D] [thread 16710] [24.0] [cxt 0] Action entry is TheIngress.broadcast_and_reset - 
[17:03:07.361] [bmv2] [T] [thread 16710] [24.0] [cxt 0] Action TheIngress.broadcast_and_reset
[17:03:07.361] [bmv2] [T] [thread 16710] [24.0] [cxt 0] /vagrant/lab3/sml-eth/p4/main.p4(109) Primitive aggregation_reg.read(tmp, 0)
[17:03:07.362] [bmv2] [T] [thread 16710] [24.0] [cxt 0] Read register 'TheIngress.aggregation_reg' at index 0 read value 55674
[17:03:07.362] [bmv2] [T] [thread 16710] [24.0] [cxt 0] /vagrant/lab3/sml-eth/p4/main.p4(110) Primitive tmp + hdr.sml.payload0
[17:03:07.363] [bmv2] [T] [thread 16710] [24.0] [cxt 0] /vagrant/lab3/sml-eth/p4/main.p4(110) Primitive aggregation_reg.write(0, tmp + hdr.sml.payload0)
[17:03:07.363] [bmv2] [T] [thread 16710] [24.0] [cxt 0] Wrote register 'TheIngress.aggregation_reg' at index 0 with value 96318
[17:03:07.364] [bmv2] [T] [thread 16710] [24.0] [cxt 0] /vagrant/lab3/sml-eth/p4/main.p4(111) Primitive aggregation_reg.read(tmp, 1)
[17:03:07.364] [bmv2] [T] [thread 16710] [24.0] [cxt 0] Read register 'TheIngress.aggregation_reg' at index 1 read value 679
[17:03:07.365] [bmv2] [T] [thread 16710] [24.0] [cxt 0] /vagrant/lab3/sml-eth/p4/main.p4(112) Primitive tmp + hdr.sml.payload1
[17:03:07.365] [bmv2] [T] [thread 16710] [24.0] [cxt 0] /vagrant/lab3/sml-eth/p4/main.p4(112) Primitive aggregation_reg.write(1, tmp + hdr.sml.payload1)
[17:03:07.366] [bmv2] [T] [thread 16710] [24.0] [cxt 0] Wrote register 'TheIngress.aggregation_reg' at index 1 with value 8181
[17:03:07.366] [bmv2] [T] [thread 16710] [24.0] [cxt 0] /vagrant/lab3/sml-eth/p4/main.p4(113) Primitive aggregation_reg.read(tmp, 2)
[17:03:07.367] [bmv2] [T] [thread 16710] [24.0] [cxt 0] Read register 'TheIngress.aggregation_reg' at index 2 read value 37131
[17:03:07.367] [bmv2] [T] [thread 16710] [24.0] [cxt 0] /vagrant/lab3/sml-eth/p4/main.p4(114) Primitive tmp + hdr.sml.payload2
[17:03:07.368] [bmv2] [T] [thread 16710] [24.0] [cxt 0] /vagrant/lab3/sml-eth/p4/main.p4(114) Primitive aggregation_reg.write(2, tmp + hdr.sml.payload2)
[17:03:07.368] [bmv2] [T] [thread 16710] [24.0] [cxt 0] Wrote register 'TheIngress.aggregation_reg' at index 2 with value 50491
[17:03:07.369] [bmv2] [T] [thread 16710] [24.0] [cxt 0] /vagrant/lab3/sml-eth/p4/main.p4(115) Primitive aggregation_reg.read(tmp, 3)
[17:03:07.370] [bmv2] [T] [thread 16710] [24.0] [cxt 0] Read register 'TheIngress.aggregation_reg' at index 3 read value 59643
[17:03:07.370] [bmv2] [T] [thread 16710] [24.0] [cxt 0] /vagrant/lab3/sml-eth/p4/main.p4(116) Primitive tmp + hdr.sml.payload3
[17:03:07.371] [bmv2] [T] [thread 16710] [24.0] [cxt 0] /vagrant/lab3/sml-eth/p4/main.p4(116) Primitive aggregation_reg.write(3, tmp + hdr.sml.payload3)
[17:03:07.371] [bmv2] [T] [thread 16710] [24.0] [cxt 0] Wrote register 'TheIngress.aggregation_reg' at index 3 with value 69628
[17:03:07.372] [bmv2] [T] [thread 16710] [24.0] [cxt 0] /vagrant/lab3/sml-eth/p4/main.p4(118) Primitive aggregation_reg.read(hdr.sml.payload0, 0)
[17:03:07.372] [bmv2] [T] [thread 16710] [24.0] [cxt 0] Read register 'TheIngress.aggregation_reg' at index 0 read value 96318
[17:03:07.374] [bmv2] [T] [thread 16710] [24.0] [cxt 0] /vagrant/lab3/sml-eth/p4/main.p4(119) Primitive aggregation_reg.read(hdr.sml.payload1, 1)
[17:03:07.374] [bmv2] [T] [thread 16710] [24.0] [cxt 0] Read register 'TheIngress.aggregation_reg' at index 1 read value 8181
[17:03:07.375] [bmv2] [T] [thread 16710] [24.0] [cxt 0] /vagrant/lab3/sml-eth/p4/main.p4(120) Primitive aggregation_reg.read(hdr.sml.payload2, 2)
[17:03:07.376] [bmv2] [T] [thread 16710] [24.0] [cxt 0] Read register 'TheIngress.aggregation_reg' at index 2 read value 50491
[17:03:07.376] [bmv2] [T] [thread 16710] [24.0] [cxt 0] /vagrant/lab3/sml-eth/p4/main.p4(121) Primitive aggregation_reg.read(hdr.sml.payload3, 3)
[17:03:07.377] [bmv2] [T] [thread 16710] [24.0] [cxt 0] Read register 'TheIngress.aggregation_reg' at index 3 read value 69628
[17:03:07.377] [bmv2] [T] [thread 16710] [24.0] [cxt 0] /vagrant/lab3/sml-eth/p4/main.p4(123) Primitive counter_reg.write(0, 0)
[17:03:07.378] [bmv2] [T] [thread 16710] [24.0] [cxt 0] Wrote register 'TheIngress.counter_reg' at index 0 with value 0
[17:03:07.378] [bmv2] [T] [thread 16710] [24.0] [cxt 0] /vagrant/lab3/sml-eth/p4/main.p4(124) Primitive aggregation_reg.write(0, 0)
[17:03:07.379] [bmv2] [T] [thread 16710] [24.0] [cxt 0] Wrote register 'TheIngress.aggregation_reg' at index 0 with value 0
[17:03:07.379] [bmv2] [T] [thread 16710] [24.0] [cxt 0] /vagrant/lab3/sml-eth/p4/main.p4(125) Primitive aggregation_reg.write(1, 0)
[17:03:07.380] [bmv2] [T] [thread 16710] [24.0] [cxt 0] Wrote register 'TheIngress.aggregation_reg' at index 1 with value 0
[17:03:07.380] [bmv2] [T] [thread 16710] [24.0] [cxt 0] /vagrant/lab3/sml-eth/p4/main.p4(126) Primitive aggregation_reg.write(2, 0)
[17:03:07.381] [bmv2] [T] [thread 16710] [24.0] [cxt 0] Wrote register 'TheIngress.aggregation_reg' at index 2 with value 0
[17:03:07.381] [bmv2] [T] [thread 16710] [24.0] [cxt 0] /vagrant/lab3/sml-eth/p4/main.p4(127) Primitive aggregation_reg.write(3, 0)
[17:03:07.381] [bmv2] [T] [thread 16710] [24.0] [cxt 0] Wrote register 'TheIngress.aggregation_reg' at index 3 with value 0
[17:03:07.382] [bmv2] [T] [thread 16710] [24.0] [cxt 0] /vagrant/lab3/sml-eth/p4/main.p4(21) Primitive 0x0000000000FF; ...
[17:03:07.382] [bmv2] [T] [thread 16710] [24.0] [cxt 0] /vagrant/lab3/sml-eth/p4/main.p4(129) Primitive standard_metadata.mcast_grp = 1
[17:03:07.383] [bmv2] [D] [thread 16710] [24.0] [cxt 0] Pipeline 'ingress': end
[17:03:07.384] [bmv2] [D] [thread 16710] [24.0] [cxt 0] Multicast requested for packet
[17:03:07.384] [bmv2] [D] [thread 16710] number of packets replicated : 2
[17:03:07.385] [bmv2] [D] [thread 16710] [24.0] [cxt 0] Replicating packet on port 1
[17:03:07.385] [bmv2] [D] [thread 16710] [24.0] [cxt 0] Replicating packet on port 0
[17:03:07.386] [bmv2] [D] [thread 16712] [24.1] [cxt 0] Pipeline 'egress': start
[17:03:07.387] [bmv2] [D] [thread 16712] [24.1] [cxt 0] Pipeline 'egress': end
[17:03:07.388] [bmv2] [D] [thread 16712] [24.1] [cxt 0] Deparser 'deparser': start
[17:03:07.388] [bmv2] [D] [thread 16712] [24.1] [cxt 0] Deparsing header 'eth'
[17:03:07.389] [bmv2] [D] [thread 16712] [24.1] [cxt 0] Deparsing header 'sml'
[17:03:07.390] [bmv2] [D] [thread 16712] [24.1] [cxt 0] Deparser 'deparser': end
[17:03:07.386] [bmv2] [D] [thread 16711] [24.2] [cxt 0] Pipeline 'egress': start
[17:03:07.391] [bmv2] [D] [thread 16711] [24.2] [cxt 0] Pipeline 'egress': end
[17:03:07.392] [bmv2] [D] [thread 16711] [24.2] [cxt 0] Deparser 'deparser': start
[17:03:07.393] [bmv2] [D] [thread 16711] [24.2] [cxt 0] Deparsing header 'eth'
[17:03:07.393] [bmv2] [D] [thread 16711] [24.2] [cxt 0] Deparsing header 'sml'
[17:03:07.394] [bmv2] [D] [thread 16711] [24.2] [cxt 0] Deparser 'deparser': end
[17:03:07.391] [bmv2] [D] [thread 16715] [24.1] [cxt 0] Transmitting packet of size 34 out of port 1
[17:03:07.396] [bmv2] [D] [thread 16715] [24.2] [cxt 0] Transmitting packet of size 34 out of port 0
[17:03:08.014] [bmv2] [D] [thread 16710] [25.0] [cxt 0] Processing packet received on port 1
[17:03:08.015] [bmv2] [D] [thread 16710] [25.0] [cxt 0] Parser 'parser': start
[17:03:08.016] [bmv2] [D] [thread 16710] [25.0] [cxt 0] Parser 'parser' entering state 'start'
[17:03:08.016] [bmv2] [D] [thread 16710] [25.0] [cxt 0] Extracting header 'eth'
[17:03:08.017] [bmv2] [D] [thread 16710] [25.0] [cxt 0] Parser state 'start': key is 86dd
[17:03:08.018] [bmv2] [T] [thread 16710] [25.0] [cxt 0] Bytes parsed: 14
[17:03:08.019] [bmv2] [D] [thread 16710] [25.0] [cxt 0] Parser 'parser': end
[17:03:08.019] [bmv2] [D] [thread 16710] [25.0] [cxt 0] Pipeline 'ingress': start
[17:03:08.020] [bmv2] [T] [thread 16710] [25.0] [cxt 0] /vagrant/lab3/sml-eth/p4/main.p4(148) Condition "hdr.sml.isValid()" (node_2) is false
[17:03:08.021] [bmv2] [D] [thread 16710] [25.0] [cxt 0] Pipeline 'ingress': end
[17:03:08.021] [bmv2] [D] [thread 16710] [25.0] [cxt 0] Egress port is 0
[17:03:08.023] [bmv2] [D] [thread 16711] [25.0] [cxt 0] Pipeline 'egress': start
[17:03:08.023] [bmv2] [D] [thread 16711] [25.0] [cxt 0] Pipeline 'egress': end
[17:03:08.024] [bmv2] [D] [thread 16711] [25.0] [cxt 0] Deparser 'deparser': start
[17:03:08.024] [bmv2] [D] [thread 16711] [25.0] [cxt 0] Deparsing header 'eth'
[17:03:08.025] [bmv2] [D] [thread 16711] [25.0] [cxt 0] Deparser 'deparser': end
[17:03:08.026] [bmv2] [D] [thread 16715] [25.0] [cxt 0] Transmitting packet of size 70 out of port 0
[17:03:20.303] [bmv2] [D] [thread 16710] [26.0] [cxt 0] Processing packet received on port 0
[17:03:20.304] [bmv2] [D] [thread 16710] [26.0] [cxt 0] Parser 'parser': start
[17:03:20.304] [bmv2] [D] [thread 16710] [26.0] [cxt 0] Parser 'parser' entering state 'start'
[17:03:20.305] [bmv2] [D] [thread 16710] [26.0] [cxt 0] Extracting header 'eth'
[17:03:20.305] [bmv2] [D] [thread 16710] [26.0] [cxt 0] Parser state 'start': key is 86dd
[17:03:20.306] [bmv2] [T] [thread 16710] [26.0] [cxt 0] Bytes parsed: 14
[17:03:20.306] [bmv2] [D] [thread 16710] [26.0] [cxt 0] Parser 'parser': end
[17:03:20.307] [bmv2] [D] [thread 16710] [26.0] [cxt 0] Pipeline 'ingress': start
[17:03:20.307] [bmv2] [T] [thread 16710] [26.0] [cxt 0] /vagrant/lab3/sml-eth/p4/main.p4(148) Condition "hdr.sml.isValid()" (node_2) is false
[17:03:20.308] [bmv2] [D] [thread 16710] [26.0] [cxt 0] Pipeline 'ingress': end
[17:03:20.308] [bmv2] [D] [thread 16710] [26.0] [cxt 0] Egress port is 0
[17:03:20.309] [bmv2] [D] [thread 16711] [26.0] [cxt 0] Pipeline 'egress': start
[17:03:20.310] [bmv2] [D] [thread 16711] [26.0] [cxt 0] Pipeline 'egress': end
[17:03:20.311] [bmv2] [D] [thread 16711] [26.0] [cxt 0] Deparser 'deparser': start
[17:03:20.311] [bmv2] [D] [thread 16711] [26.0] [cxt 0] Deparsing header 'eth'
[17:03:20.311] [bmv2] [D] [thread 16711] [26.0] [cxt 0] Deparser 'deparser': end
[17:03:20.312] [bmv2] [D] [thread 16715] [26.0] [cxt 0] Transmitting packet of size 70 out of port 0
open: No such file or directory
open: No such file or directory
