Calling target program-options parser
[18:10:09.871] [bmv2] [D] [thread 24766] Set default default entry for table 'tbl_perform_aggregation': MyIngress.perform_aggregation - 
[18:10:09.872] [bmv2] [D] [thread 24766] Set default default entry for table 'tbl_reset_aggregation': MyIngress.reset_aggregation - 
[18:10:09.872] [bmv2] [D] [thread 24766] Set default default entry for table 'tbl_multicast_result': MyIngress.multicast_result - 
[18:10:09.874] [bmv2] [D] [thread 24766] Set default default entry for table 'tbl_drop': MyIngress.drop - 
[18:10:09.874] [bmv2] [D] [thread 24766] Set default default entry for table 'tbl_drop_0': MyIngress.drop - 
[18:10:09.876] [bmv2] [D] [thread 24766] Set default default entry for table 'tbl_main242': main242 - 
[18:10:09.876] [bmv2] [D] [thread 24766] Set default default entry for table 'tbl_main247': main247 - 
[18:10:09.877] [bmv2] [D] [thread 24766] Set default default entry for table 'tbl_main252': main252 - 
Adding interface s1-eth1 as port 1
[18:10:09.881] [bmv2] [D] [thread 24766] Adding interface s1-eth1 as port 1
Adding interface s1-eth2 as port 2
[18:10:09.937] [bmv2] [D] [thread 24766] Adding interface s1-eth2 as port 2
Adding interface s1-eth3 as port 3
[18:10:10.004] [bmv2] [D] [thread 24766] Adding interface s1-eth3 as port 3
Server listening on 0.0.0.0:50051
[18:10:10.059] [bmv2] [I] [thread 24766] Starting Thrift server on port 9090
[18:10:10.061] [bmv2] [I] [thread 24766] Thrift server was started
[18:10:10.193] [bmv2] [D] [thread 24776] [0.0] [cxt 0] Processing packet received on port 3
[18:10:10.194] [bmv2] [D] [thread 24776] [0.0] [cxt 0] Parser 'parser': start
[18:10:10.195] [bmv2] [D] [thread 24776] [0.0] [cxt 0] Parser 'parser' entering state 'start'
[18:10:10.196] [bmv2] [D] [thread 24776] [0.0] [cxt 0] Extracting header 'ethernet'
[18:10:10.197] [bmv2] [D] [thread 24776] [0.0] [cxt 0] Parser state 'start': key is 86dd
[18:10:10.198] [bmv2] [T] [thread 24776] [0.0] [cxt 0] Bytes parsed: 14
[18:10:10.199] [bmv2] [D] [thread 24776] [0.0] [cxt 0] Parser 'parser': end
[18:10:10.200] [bmv2] [D] [thread 24776] [0.0] [cxt 0] Pipeline 'ingress': start
[18:10:10.201] [bmv2] [T] [thread 24776] [0.0] [cxt 0] /vagrant/lab3/sml-udp/p4/main.p4(216) Condition "hdr.ipv4.isValid() && hdr.udp.isValid() && ..." (node_2) is false
[18:10:10.201] [bmv2] [T] [thread 24776] [0.0] [cxt 0] Applying table 'tbl_drop_0'
[18:10:10.202] [bmv2] [D] [thread 24776] [0.0] [cxt 0] Looking up key:

[18:10:10.203] [bmv2] [D] [thread 24776] [0.0] [cxt 0] Table 'tbl_drop_0': miss
[18:10:10.203] [bmv2] [D] [thread 24776] [0.0] [cxt 0] Action entry is MyIngress.drop - 
[18:10:10.204] [bmv2] [T] [thread 24776] [0.0] [cxt 0] Action MyIngress.drop
[18:10:10.205] [bmv2] [T] [thread 24776] [0.0] [cxt 0] /vagrant/lab3/sml-udp/p4/main.p4(134) Primitive mark_to_drop(standard_metadata)
[18:10:10.205] [bmv2] [D] [thread 24776] [0.0] [cxt 0] Pipeline 'ingress': end
[18:10:10.206] [bmv2] [D] [thread 24776] [0.0] [cxt 0] Egress port is 511
[18:10:10.207] [bmv2] [D] [thread 24776] [0.0] [cxt 0] Dropping packet at the end of ingress
[18:10:10.382] [bmv2] [D] [thread 24776] [1.0] [cxt 0] Processing packet received on port 1
[18:10:10.384] [bmv2] [D] [thread 24776] [1.0] [cxt 0] Parser 'parser': start
[18:10:10.385] [bmv2] [D] [thread 24776] [1.0] [cxt 0] Parser 'parser' entering state 'start'
[18:10:10.386] [bmv2] [D] [thread 24776] [1.0] [cxt 0] Extracting header 'ethernet'
[18:10:10.389] [bmv2] [D] [thread 24776] [1.0] [cxt 0] Parser state 'start': key is 86dd
[18:10:10.390] [bmv2] [T] [thread 24776] [1.0] [cxt 0] Bytes parsed: 14
[18:10:10.390] [bmv2] [D] [thread 24776] [1.0] [cxt 0] Parser 'parser': end
[18:10:10.391] [bmv2] [D] [thread 24776] [1.0] [cxt 0] Pipeline 'ingress': start
[18:10:10.391] [bmv2] [T] [thread 24776] [1.0] [cxt 0] /vagrant/lab3/sml-udp/p4/main.p4(216) Condition "hdr.ipv4.isValid() && hdr.udp.isValid() && ..." (node_2) is false
[18:10:10.392] [bmv2] [T] [thread 24776] [1.0] [cxt 0] Applying table 'tbl_drop_0'
[18:10:10.394] [bmv2] [D] [thread 24776] [1.0] [cxt 0] Looking up key:

[18:10:10.394] [bmv2] [D] [thread 24776] [1.0] [cxt 0] Table 'tbl_drop_0': miss
[18:10:10.394] [bmv2] [D] [thread 24776] [1.0] [cxt 0] Action entry is MyIngress.drop - 
[18:10:10.395] [bmv2] [T] [thread 24776] [1.0] [cxt 0] Action MyIngress.drop
[18:10:10.396] [bmv2] [T] [thread 24776] [1.0] [cxt 0] /vagrant/lab3/sml-udp/p4/main.p4(134) Primitive mark_to_drop(standard_metadata)
[18:10:10.396] [bmv2] [D] [thread 24776] [1.0] [cxt 0] Pipeline 'ingress': end
[18:10:10.397] [bmv2] [D] [thread 24776] [1.0] [cxt 0] Egress port is 511
[18:10:10.398] [bmv2] [D] [thread 24776] [1.0] [cxt 0] Dropping packet at the end of ingress
[18:10:10.438] [bmv2] [W] [thread 24805] [P4Runtime] p4::tmp::P4DeviceConfig is deprecated
[18:10:10.445] [bmv2] [D] [thread 24805] Set default default entry for table 'tbl_perform_aggregation': MyIngress.perform_aggregation - 
[18:10:10.446] [bmv2] [D] [thread 24805] Set default default entry for table 'tbl_reset_aggregation': MyIngress.reset_aggregation - 
[18:10:10.447] [bmv2] [D] [thread 24805] Set default default entry for table 'tbl_multicast_result': MyIngress.multicast_result - 
[18:10:10.450] [bmv2] [D] [thread 24805] Set default default entry for table 'tbl_drop': MyIngress.drop - 
[18:10:10.452] [bmv2] [D] [thread 24805] Set default default entry for table 'tbl_drop_0': MyIngress.drop - 
[18:10:10.454] [bmv2] [D] [thread 24805] Set default default entry for table 'tbl_main242': main242 - 
[18:10:10.455] [bmv2] [D] [thread 24805] Set default default entry for table 'tbl_main247': main247 - 
[18:10:10.457] [bmv2] [D] [thread 24805] Set default default entry for table 'tbl_main252': main252 - 
[18:10:10.465] [bmv2] [D] [thread 24805] simple_switch target has been notified of a config swap
[18:10:10.576] [bmv2] [D] [thread 24776] [2.0] [cxt 0] Processing packet received on port 1
[18:10:10.578] [bmv2] [D] [thread 24776] [2.0] [cxt 0] Parser 'parser': start
[18:10:10.578] [bmv2] [D] [thread 24776] [2.0] [cxt 0] Parser 'parser' entering state 'start'
[18:10:10.579] [bmv2] [D] [thread 24776] [2.0] [cxt 0] Extracting header 'ethernet'
[18:10:10.579] [bmv2] [D] [thread 24776] [2.0] [cxt 0] Parser state 'start': key is 86dd
[18:10:10.580] [bmv2] [T] [thread 24776] [2.0] [cxt 0] Bytes parsed: 14
[18:10:10.580] [bmv2] [D] [thread 24776] [2.0] [cxt 0] Parser 'parser': end
[18:10:10.581] [bmv2] [D] [thread 24776] [2.0] [cxt 0] Pipeline 'ingress': start
[18:10:10.581] [bmv2] [T] [thread 24776] [2.0] [cxt 0] /vagrant/lab3/sml-udp/p4/main.p4(216) Condition "hdr.ipv4.isValid() && hdr.udp.isValid() && ..." (node_2) is false
[18:10:10.582] [bmv2] [T] [thread 24776] [2.0] [cxt 0] Applying table 'tbl_drop_0'
[18:10:10.582] [bmv2] [D] [thread 24776] [2.0] [cxt 0] Looking up key:

[18:10:10.583] [bmv2] [D] [thread 24776] [2.0] [cxt 0] Table 'tbl_drop_0': miss
[18:10:10.583] [bmv2] [D] [thread 24776] [2.0] [cxt 0] Action entry is MyIngress.drop - 
[18:10:10.584] [bmv2] [T] [thread 24776] [2.0] [cxt 0] Action MyIngress.drop
[18:10:10.585] [bmv2] [T] [thread 24776] [2.0] [cxt 0] /vagrant/lab3/sml-udp/p4/main.p4(134) Primitive mark_to_drop(standard_metadata)
[18:10:10.585] [bmv2] [D] [thread 24776] [2.0] [cxt 0] Pipeline 'ingress': end
[18:10:10.586] [bmv2] [D] [thread 24776] [2.0] [cxt 0] Egress port is 511
[18:10:10.587] [bmv2] [D] [thread 24776] [2.0] [cxt 0] Dropping packet at the end of ingress
[18:10:10.587] [bmv2] [D] [thread 24776] [3.0] [cxt 0] Processing packet received on port 1
[18:10:10.587] [bmv2] [D] [thread 24776] [3.0] [cxt 0] Parser 'parser': start
[18:10:10.587] [bmv2] [D] [thread 24776] [3.0] [cxt 0] Parser 'parser' entering state 'start'
[18:10:10.587] [bmv2] [D] [thread 24776] [3.0] [cxt 0] Extracting header 'ethernet'
[18:10:10.587] [bmv2] [D] [thread 24776] [3.0] [cxt 0] Parser state 'start': key is 86dd
[18:10:10.587] [bmv2] [T] [thread 24776] [3.0] [cxt 0] Bytes parsed: 14
[18:10:10.587] [bmv2] [D] [thread 24776] [3.0] [cxt 0] Parser 'parser': end
[18:10:10.588] [bmv2] [D] [thread 24776] [3.0] [cxt 0] Pipeline 'ingress': start
[18:10:10.588] [bmv2] [T] [thread 24776] [3.0] [cxt 0] /vagrant/lab3/sml-udp/p4/main.p4(216) Condition "hdr.ipv4.isValid() && hdr.udp.isValid() && ..." (node_2) is false
[18:10:10.590] [bmv2] [T] [thread 24776] [3.0] [cxt 0] Applying table 'tbl_drop_0'
[18:10:10.591] [bmv2] [D] [thread 24776] [3.0] [cxt 0] Looking up key:

[18:10:10.591] [bmv2] [D] [thread 24776] [3.0] [cxt 0] Table 'tbl_drop_0': miss
[18:10:10.591] [bmv2] [D] [thread 24776] [3.0] [cxt 0] Action entry is MyIngress.drop - 
[18:10:10.591] [bmv2] [T] [thread 24776] [3.0] [cxt 0] Action MyIngress.drop
[18:10:10.592] [bmv2] [T] [thread 24776] [3.0] [cxt 0] /vagrant/lab3/sml-udp/p4/main.p4(134) Primitive mark_to_drop(standard_metadata)
[18:10:10.592] [bmv2] [D] [thread 24776] [3.0] [cxt 0] Pipeline 'ingress': end
[18:10:10.592] [bmv2] [D] [thread 24776] [3.0] [cxt 0] Egress port is 511
[18:10:10.592] [bmv2] [D] [thread 24776] [3.0] [cxt 0] Dropping packet at the end of ingress
[18:10:10.648] [bmv2] [D] [thread 24806] mgrp node created for mgid 1
[18:10:10.649] [bmv2] [D] [thread 24806] node created for rid 2
[18:10:10.649] [bmv2] [D] [thread 24806] node associated with mgid 1
[18:10:10.649] [bmv2] [D] [thread 24806] node created for rid 1
[18:10:10.649] [bmv2] [D] [thread 24806] node associated with mgid 1
[18:10:10.649] [bmv2] [D] [thread 24806] node created for rid 0
[18:10:10.649] [bmv2] [D] [thread 24806] node associated with mgid 1
[18:10:10.802] [bmv2] [D] [thread 24776] [4.0] [cxt 0] Processing packet received on port 2
[18:10:10.803] [bmv2] [D] [thread 24776] [4.0] [cxt 0] Parser 'parser': start
[18:10:10.804] [bmv2] [D] [thread 24776] [4.0] [cxt 0] Parser 'parser' entering state 'start'
[18:10:10.804] [bmv2] [D] [thread 24776] [4.0] [cxt 0] Extracting header 'ethernet'
[18:10:10.804] [bmv2] [D] [thread 24776] [4.0] [cxt 0] Parser state 'start': key is 86dd
[18:10:10.804] [bmv2] [T] [thread 24776] [4.0] [cxt 0] Bytes parsed: 14
[18:10:10.804] [bmv2] [D] [thread 24776] [4.0] [cxt 0] Parser 'parser': end
[18:10:10.804] [bmv2] [D] [thread 24776] [4.0] [cxt 0] Pipeline 'ingress': start
[18:10:10.804] [bmv2] [T] [thread 24776] [4.0] [cxt 0] /vagrant/lab3/sml-udp/p4/main.p4(216) Condition "hdr.ipv4.isValid() && hdr.udp.isValid() && ..." (node_2) is false
[18:10:10.804] [bmv2] [T] [thread 24776] [4.0] [cxt 0] Applying table 'tbl_drop_0'
[18:10:10.804] [bmv2] [D] [thread 24776] [4.0] [cxt 0] Looking up key:

[18:10:10.805] [bmv2] [D] [thread 24776] [4.0] [cxt 0] Table 'tbl_drop_0': miss
[18:10:10.805] [bmv2] [D] [thread 24776] [4.0] [cxt 0] Action entry is MyIngress.drop - 
[18:10:10.805] [bmv2] [T] [thread 24776] [4.0] [cxt 0] Action MyIngress.drop
[18:10:10.805] [bmv2] [T] [thread 24776] [4.0] [cxt 0] /vagrant/lab3/sml-udp/p4/main.p4(134) Primitive mark_to_drop(standard_metadata)
[18:10:10.805] [bmv2] [D] [thread 24776] [4.0] [cxt 0] Pipeline 'ingress': end
[18:10:10.805] [bmv2] [D] [thread 24776] [4.0] [cxt 0] Egress port is 511
[18:10:10.805] [bmv2] [D] [thread 24776] [4.0] [cxt 0] Dropping packet at the end of ingress
[18:10:10.806] [bmv2] [D] [thread 24776] [5.0] [cxt 0] Processing packet received on port 2
[18:10:10.806] [bmv2] [D] [thread 24776] [5.0] [cxt 0] Parser 'parser': start
[18:10:10.806] [bmv2] [D] [thread 24776] [5.0] [cxt 0] Parser 'parser' entering state 'start'
[18:10:10.806] [bmv2] [D] [thread 24776] [5.0] [cxt 0] Extracting header 'ethernet'
[18:10:10.806] [bmv2] [D] [thread 24776] [5.0] [cxt 0] Parser state 'start': key is 86dd
[18:10:10.806] [bmv2] [T] [thread 24776] [5.0] [cxt 0] Bytes parsed: 14
[18:10:10.806] [bmv2] [D] [thread 24776] [5.0] [cxt 0] Parser 'parser': end
[18:10:10.806] [bmv2] [D] [thread 24776] [5.0] [cxt 0] Pipeline 'ingress': start
[18:10:10.806] [bmv2] [T] [thread 24776] [5.0] [cxt 0] /vagrant/lab3/sml-udp/p4/main.p4(216) Condition "hdr.ipv4.isValid() && hdr.udp.isValid() && ..." (node_2) is false
[18:10:10.806] [bmv2] [T] [thread 24776] [5.0] [cxt 0] Applying table 'tbl_drop_0'
[18:10:10.806] [bmv2] [D] [thread 24776] [5.0] [cxt 0] Looking up key:

[18:10:10.806] [bmv2] [D] [thread 24776] [5.0] [cxt 0] Table 'tbl_drop_0': miss
[18:10:10.806] [bmv2] [D] [thread 24776] [5.0] [cxt 0] Action entry is MyIngress.drop - 
[18:10:10.806] [bmv2] [T] [thread 24776] [5.0] [cxt 0] Action MyIngress.drop
[18:10:10.806] [bmv2] [T] [thread 24776] [5.0] [cxt 0] /vagrant/lab3/sml-udp/p4/main.p4(134) Primitive mark_to_drop(standard_metadata)
[18:10:10.806] [bmv2] [D] [thread 24776] [5.0] [cxt 0] Pipeline 'ingress': end
[18:10:10.806] [bmv2] [D] [thread 24776] [5.0] [cxt 0] Egress port is 511
[18:10:10.807] [bmv2] [D] [thread 24776] [5.0] [cxt 0] Dropping packet at the end of ingress
[18:10:11.238] [bmv2] [D] [thread 24776] [6.0] [cxt 0] Processing packet received on port 1
[18:10:11.251] [bmv2] [D] [thread 24776] [6.0] [cxt 0] Parser 'parser': start
[18:10:11.254] [bmv2] [D] [thread 24776] [6.0] [cxt 0] Parser 'parser' entering state 'start'
[18:10:11.255] [bmv2] [D] [thread 24776] [6.0] [cxt 0] Extracting header 'ethernet'
[18:10:11.255] [bmv2] [D] [thread 24776] [6.0] [cxt 0] Parser state 'start': key is 86dd
[18:10:11.256] [bmv2] [T] [thread 24776] [6.0] [cxt 0] Bytes parsed: 14
[18:10:11.256] [bmv2] [D] [thread 24776] [6.0] [cxt 0] Parser 'parser': end
[18:10:11.256] [bmv2] [D] [thread 24776] [6.0] [cxt 0] Pipeline 'ingress': start
[18:10:11.257] [bmv2] [T] [thread 24776] [6.0] [cxt 0] /vagrant/lab3/sml-udp/p4/main.p4(216) Condition "hdr.ipv4.isValid() && hdr.udp.isValid() && ..." (node_2) is false
[18:10:11.257] [bmv2] [T] [thread 24776] [6.0] [cxt 0] Applying table 'tbl_drop_0'
[18:10:11.257] [bmv2] [D] [thread 24776] [6.0] [cxt 0] Looking up key:

[18:10:11.257] [bmv2] [D] [thread 24776] [6.0] [cxt 0] Table 'tbl_drop_0': miss
[18:10:11.257] [bmv2] [D] [thread 24776] [6.0] [cxt 0] Action entry is MyIngress.drop - 
[18:10:11.257] [bmv2] [T] [thread 24776] [6.0] [cxt 0] Action MyIngress.drop
[18:10:11.258] [bmv2] [T] [thread 24776] [6.0] [cxt 0] /vagrant/lab3/sml-udp/p4/main.p4(134) Primitive mark_to_drop(standard_metadata)
[18:10:11.258] [bmv2] [D] [thread 24776] [6.0] [cxt 0] Pipeline 'ingress': end
[18:10:11.258] [bmv2] [D] [thread 24776] [6.0] [cxt 0] Egress port is 511
[18:10:11.258] [bmv2] [D] [thread 24776] [6.0] [cxt 0] Dropping packet at the end of ingress
[18:10:11.259] [bmv2] [D] [thread 24776] [7.0] [cxt 0] Processing packet received on port 3
[18:10:11.259] [bmv2] [D] [thread 24776] [7.0] [cxt 0] Parser 'parser': start
[18:10:11.259] [bmv2] [D] [thread 24776] [7.0] [cxt 0] Parser 'parser' entering state 'start'
[18:10:11.259] [bmv2] [D] [thread 24776] [7.0] [cxt 0] Extracting header 'ethernet'
[18:10:11.259] [bmv2] [D] [thread 24776] [7.0] [cxt 0] Parser state 'start': key is 86dd
[18:10:11.259] [bmv2] [T] [thread 24776] [7.0] [cxt 0] Bytes parsed: 14
[18:10:11.259] [bmv2] [D] [thread 24776] [7.0] [cxt 0] Parser 'parser': end
[18:10:11.259] [bmv2] [D] [thread 24776] [7.0] [cxt 0] Pipeline 'ingress': start
[18:10:11.259] [bmv2] [T] [thread 24776] [7.0] [cxt 0] /vagrant/lab3/sml-udp/p4/main.p4(216) Condition "hdr.ipv4.isValid() && hdr.udp.isValid() && ..." (node_2) is false
[18:10:11.259] [bmv2] [T] [thread 24776] [7.0] [cxt 0] Applying table 'tbl_drop_0'
[18:10:11.260] [bmv2] [D] [thread 24776] [7.0] [cxt 0] Looking up key:

[18:10:11.260] [bmv2] [D] [thread 24776] [7.0] [cxt 0] Table 'tbl_drop_0': miss
[18:10:11.260] [bmv2] [D] [thread 24776] [7.0] [cxt 0] Action entry is MyIngress.drop - 
[18:10:11.261] [bmv2] [T] [thread 24776] [7.0] [cxt 0] Action MyIngress.drop
[18:10:11.261] [bmv2] [T] [thread 24776] [7.0] [cxt 0] /vagrant/lab3/sml-udp/p4/main.p4(134) Primitive mark_to_drop(standard_metadata)
[18:10:11.261] [bmv2] [D] [thread 24776] [7.0] [cxt 0] Pipeline 'ingress': end
[18:10:11.262] [bmv2] [D] [thread 24776] [7.0] [cxt 0] Egress port is 511
[18:10:11.262] [bmv2] [D] [thread 24776] [7.0] [cxt 0] Dropping packet at the end of ingress
[18:10:11.262] [bmv2] [D] [thread 24776] [8.0] [cxt 0] Processing packet received on port 3
[18:10:11.262] [bmv2] [D] [thread 24776] [8.0] [cxt 0] Parser 'parser': start
[18:10:11.262] [bmv2] [D] [thread 24776] [8.0] [cxt 0] Parser 'parser' entering state 'start'
[18:10:11.262] [bmv2] [D] [thread 24776] [8.0] [cxt 0] Extracting header 'ethernet'
[18:10:11.262] [bmv2] [D] [thread 24776] [8.0] [cxt 0] Parser state 'start': key is 86dd
[18:10:11.263] [bmv2] [T] [thread 24776] [8.0] [cxt 0] Bytes parsed: 14
[18:10:11.265] [bmv2] [D] [thread 24776] [8.0] [cxt 0] Parser 'parser': end
[18:10:11.265] [bmv2] [D] [thread 24776] [8.0] [cxt 0] Pipeline 'ingress': start
[18:10:11.265] [bmv2] [T] [thread 24776] [8.0] [cxt 0] /vagrant/lab3/sml-udp/p4/main.p4(216) Condition "hdr.ipv4.isValid() && hdr.udp.isValid() && ..." (node_2) is false
[18:10:11.265] [bmv2] [T] [thread 24776] [8.0] [cxt 0] Applying table 'tbl_drop_0'
[18:10:11.267] [bmv2] [D] [thread 24776] [8.0] [cxt 0] Looking up key:

[18:10:11.267] [bmv2] [D] [thread 24776] [8.0] [cxt 0] Table 'tbl_drop_0': miss
[18:10:11.267] [bmv2] [D] [thread 24776] [8.0] [cxt 0] Action entry is MyIngress.drop - 
[18:10:11.268] [bmv2] [T] [thread 24776] [8.0] [cxt 0] Action MyIngress.drop
[18:10:11.268] [bmv2] [T] [thread 24776] [8.0] [cxt 0] /vagrant/lab3/sml-udp/p4/main.p4(134) Primitive mark_to_drop(standard_metadata)
[18:10:11.268] [bmv2] [D] [thread 24776] [8.0] [cxt 0] Pipeline 'ingress': end
[18:10:11.268] [bmv2] [D] [thread 24776] [8.0] [cxt 0] Egress port is 511
[18:10:11.268] [bmv2] [D] [thread 24776] [8.0] [cxt 0] Dropping packet at the end of ingress
[18:10:11.280] [bmv2] [D] [thread 24776] [9.0] [cxt 0] Processing packet received on port 2
[18:10:11.280] [bmv2] [D] [thread 24776] [9.0] [cxt 0] Parser 'parser': start
[18:10:11.280] [bmv2] [D] [thread 24776] [9.0] [cxt 0] Parser 'parser' entering state 'start'
[18:10:11.280] [bmv2] [D] [thread 24776] [9.0] [cxt 0] Extracting header 'ethernet'
[18:10:11.280] [bmv2] [D] [thread 24776] [9.0] [cxt 0] Parser state 'start': key is 86dd
[18:10:11.280] [bmv2] [T] [thread 24776] [9.0] [cxt 0] Bytes parsed: 14
[18:10:11.280] [bmv2] [D] [thread 24776] [9.0] [cxt 0] Parser 'parser': end
[18:10:11.280] [bmv2] [D] [thread 24776] [9.0] [cxt 0] Pipeline 'ingress': start
[18:10:11.281] [bmv2] [T] [thread 24776] [9.0] [cxt 0] /vagrant/lab3/sml-udp/p4/main.p4(216) Condition "hdr.ipv4.isValid() && hdr.udp.isValid() && ..." (node_2) is false
[18:10:11.281] [bmv2] [T] [thread 24776] [9.0] [cxt 0] Applying table 'tbl_drop_0'
[18:10:11.281] [bmv2] [D] [thread 24776] [9.0] [cxt 0] Looking up key:

[18:10:11.281] [bmv2] [D] [thread 24776] [9.0] [cxt 0] Table 'tbl_drop_0': miss
[18:10:11.281] [bmv2] [D] [thread 24776] [9.0] [cxt 0] Action entry is MyIngress.drop - 
[18:10:11.281] [bmv2] [T] [thread 24776] [9.0] [cxt 0] Action MyIngress.drop
[18:10:11.281] [bmv2] [T] [thread 24776] [9.0] [cxt 0] /vagrant/lab3/sml-udp/p4/main.p4(134) Primitive mark_to_drop(standard_metadata)
[18:10:11.281] [bmv2] [D] [thread 24776] [9.0] [cxt 0] Pipeline 'ingress': end
[18:10:11.282] [bmv2] [D] [thread 24776] [9.0] [cxt 0] Egress port is 511
[18:10:11.282] [bmv2] [D] [thread 24776] [9.0] [cxt 0] Dropping packet at the end of ingress
[18:10:11.331] [bmv2] [D] [thread 24776] [10.0] [cxt 0] Processing packet received on port 3
[18:10:11.331] [bmv2] [D] [thread 24776] [10.0] [cxt 0] Parser 'parser': start
[18:10:11.331] [bmv2] [D] [thread 24776] [10.0] [cxt 0] Parser 'parser' entering state 'start'
[18:10:11.331] [bmv2] [D] [thread 24776] [10.0] [cxt 0] Extracting header 'ethernet'
[18:10:11.331] [bmv2] [D] [thread 24776] [10.0] [cxt 0] Parser state 'start': key is 86dd
[18:10:11.331] [bmv2] [T] [thread 24776] [10.0] [cxt 0] Bytes parsed: 14
[18:10:11.332] [bmv2] [D] [thread 24776] [10.0] [cxt 0] Parser 'parser': end
[18:10:11.333] [bmv2] [D] [thread 24776] [10.0] [cxt 0] Pipeline 'ingress': start
[18:10:11.333] [bmv2] [T] [thread 24776] [10.0] [cxt 0] /vagrant/lab3/sml-udp/p4/main.p4(216) Condition "hdr.ipv4.isValid() && hdr.udp.isValid() && ..." (node_2) is false
[18:10:11.333] [bmv2] [T] [thread 24776] [10.0] [cxt 0] Applying table 'tbl_drop_0'
[18:10:11.333] [bmv2] [D] [thread 24776] [10.0] [cxt 0] Looking up key:

[18:10:11.333] [bmv2] [D] [thread 24776] [10.0] [cxt 0] Table 'tbl_drop_0': miss
[18:10:11.334] [bmv2] [D] [thread 24776] [10.0] [cxt 0] Action entry is MyIngress.drop - 
[18:10:11.334] [bmv2] [T] [thread 24776] [10.0] [cxt 0] Action MyIngress.drop
[18:10:11.334] [bmv2] [T] [thread 24776] [10.0] [cxt 0] /vagrant/lab3/sml-udp/p4/main.p4(134) Primitive mark_to_drop(standard_metadata)
[18:10:11.334] [bmv2] [D] [thread 24776] [10.0] [cxt 0] Pipeline 'ingress': end
[18:10:11.334] [bmv2] [D] [thread 24776] [10.0] [cxt 0] Egress port is 511
[18:10:11.334] [bmv2] [D] [thread 24776] [10.0] [cxt 0] Dropping packet at the end of ingress
